2025-07-07 20:58:43,841 - SecureServer - INFO - Server started on 127.0.0.1:9999
2025-07-07 20:58:43,841 - SecureServer - INFO - Security settings:
2025-07-07 20:58:43,841 - SecureServer - INFO - - Max failed attempts: 5
2025-07-07 20:58:43,841 - SecureServer - INFO - - Block time: 300 seconds
2025-07-07 20:58:43,841 - SecureServer - INFO - - Detection window: 30 seconds
2025-07-07 20:58:43,841 - SecureServer - INFO - - Attempt threshold: 10
2025-07-07 20:59:11,084 - SecureServer - INFO - Connection from 127.0.0.1:59292
2025-07-07 20:59:11,084 - SecureServer - INFO - Successful login for user 'admin' from 127.0.0.1
2025-07-07 20:59:41,370 - SecureServer - INFO - Connection from 127.0.0.1:37418
2025-07-07 20:59:41,370 - SecureServer - WARNING - Failed login attempt for user 'master' from 127.0.0.1
2025-07-07 20:59:43,839 - SecureServer - INFO - --- Stats Update ---
2025-07-07 20:59:43,840 - SecureServer - INFO - Failed attempt tracking: 1 IPs
2025-07-07 20:59:43,840 - SecureServer - INFO - Currently blocked IPs: 0
2025-07-07 20:59:43,840 - SecureServer - INFO - -------------------
2025-07-07 20:59:55,201 - SecureServer - INFO - Connection from 127.0.0.1:49376
2025-07-07 20:59:55,201 - SecureServer - WARNING - Failed login attempt for user 'admin' from 127.0.0.1
2025-07-07 20:59:55,402 - SecureServer - INFO - Connection from 127.0.0.1:49386
2025-07-07 20:59:55,402 - SecureServer - WARNING - Failed login attempt for user 'admin' from 127.0.0.1
2025-07-07 20:59:55,603 - SecureServer - INFO - Connection from 127.0.0.1:49402
2025-07-07 20:59:55,603 - SecureServer - WARNING - Failed login attempt for user 'admin' from 127.0.0.1
2025-07-07 20:59:55,804 - SecureServer - INFO - Connection from 127.0.0.1:49406
2025-07-07 20:59:55,804 - SecureServer - WARNING - IP 127.0.0.1 BLOCKED for 300 seconds due to multiple failed attempts
2025-07-07 20:59:55,804 - SecureServer - WARNING - Failed login attempt for user 'admin' from 127.0.0.1
2025-07-07 21:00:16,861 - SecureServer - INFO - Connection from 127.0.0.1:40832
2025-07-07 21:00:16,862 - SecureServer - INFO - Connection from 127.0.0.1:40838
2025-07-07 21:00:16,862 - SecureServer - INFO - Rejected connection from blocked IP 127.0.0.1
2025-07-07 21:00:16,862 - SecureServer - INFO - Connection from 127.0.0.1:40852
2025-07-07 21:00:16,862 - SecureServer - INFO - Rejected connection from blocked IP 127.0.0.1
2025-07-07 21:00:16,862 - SecureServer - INFO - Connection from 127.0.0.1:40858
2025-07-07 21:00:16,863 - SecureServer - INFO - Rejected connection from blocked IP 127.0.0.1
2025-07-07 21:00:16,863 - SecureServer - INFO - Rejected connection from blocked IP 127.0.0.1
2025-07-07 21:00:43,840 - SecureServer - INFO - --- Stats Update ---
2025-07-07 21:00:43,840 - SecureServer - INFO - Failed attempt tracking: 1 IPs
2025-07-07 21:00:43,840 - SecureServer - INFO - Currently blocked IPs: 1
2025-07-07 21:00:43,840 - SecureServer - INFO -   - 127.0.0.1: blocked for 251 more seconds
2025-07-07 21:00:43,840 - SecureServer - INFO - -------------------
2025-07-10 15:46:17,780 - SecureServer - INFO - Server started on 127.0.0.1:9999
2025-07-10 15:46:17,781 - SecureServer - INFO - Security settings:
2025-07-10 15:46:17,781 - SecureServer - INFO - - Max failed attempts: 5
2025-07-10 15:46:17,781 - SecureServer - INFO - - Block time: 300 seconds
2025-07-10 15:46:17,782 - SecureServer - INFO - - Detection window: 30 seconds
2025-07-10 15:46:17,782 - SecureServer - INFO - - Attempt threshold: 10
2025-07-10 15:46:50,280 - SecureServer - INFO - Connection from 127.0.0.1:51604
2025-07-10 15:46:50,281 - SecureServer - INFO - Successful login for user 'admin' from 127.0.0.1
2025-07-10 15:47:17,781 - SecureServer - INFO - --- Stats Update ---
2025-07-10 15:47:17,781 - SecureServer - INFO - Failed attempt tracking: 0 IPs
2025-07-10 15:47:17,782 - SecureServer - INFO - Currently blocked IPs: 0
2025-07-10 15:47:17,783 - SecureServer - INFO - -------------------
2025-07-10 15:48:17,784 - SecureServer - INFO - --- Stats Update ---
2025-07-10 15:48:17,785 - SecureServer - INFO - Failed attempt tracking: 0 IPs
2025-07-10 15:48:17,786 - SecureServer - INFO - Currently blocked IPs: 0
2025-07-10 15:48:17,786 - SecureServer - INFO - -------------------
2025-07-10 15:49:17,787 - SecureServer - INFO - --- Stats Update ---
2025-07-10 15:49:17,788 - SecureServer - INFO - Failed attempt tracking: 0 IPs
2025-07-10 15:49:17,788 - SecureServer - INFO - Currently blocked IPs: 0
2025-07-10 15:49:17,788 - SecureServer - INFO - -------------------
2025-07-10 15:50:17,789 - SecureServer - INFO - --- Stats Update ---
2025-07-10 15:50:17,790 - SecureServer - INFO - Failed attempt tracking: 0 IPs
2025-07-10 15:50:17,790 - SecureServer - INFO - Currently blocked IPs: 0
2025-07-10 15:50:17,791 - SecureServer - INFO - -------------------
2025-07-10 15:51:17,792 - SecureServer - INFO - --- Stats Update ---
2025-07-10 15:51:17,792 - SecureServer - INFO - Failed attempt tracking: 0 IPs
2025-07-10 15:51:17,792 - SecureServer - INFO - Currently blocked IPs: 0
2025-07-10 15:51:17,793 - SecureServer - INFO - -------------------
2025-07-10 15:52:17,793 - SecureServer - INFO - --- Stats Update ---
2025-07-10 15:52:17,794 - SecureServer - INFO - Failed attempt tracking: 0 IPs
2025-07-10 15:52:17,794 - SecureServer - INFO - Currently blocked IPs: 0
2025-07-10 15:52:17,794 - SecureServer - INFO - -------------------
2025-07-10 15:53:17,795 - SecureServer - INFO - --- Stats Update ---
2025-07-10 15:53:17,796 - SecureServer - INFO - Failed attempt tracking: 0 IPs
2025-07-10 15:53:17,796 - SecureServer - INFO - Currently blocked IPs: 0
2025-07-10 15:53:17,797 - SecureServer - INFO - -------------------
2025-07-10 15:54:17,798 - SecureServer - INFO - --- Stats Update ---
2025-07-10 15:54:17,799 - SecureServer - INFO - Failed attempt tracking: 0 IPs
2025-07-10 15:54:17,799 - SecureServer - INFO - Currently blocked IPs: 0
2025-07-10 15:54:17,800 - SecureServer - INFO - -------------------
2025-07-10 15:55:17,801 - SecureServer - INFO - --- Stats Update ---
2025-07-10 15:55:17,802 - SecureServer - INFO - Failed attempt tracking: 0 IPs
2025-07-10 15:55:17,802 - SecureServer - INFO - Currently blocked IPs: 0
2025-07-10 15:55:17,803 - SecureServer - INFO - -------------------
2025-07-10 15:56:17,804 - SecureServer - INFO - --- Stats Update ---
2025-07-10 15:56:17,805 - SecureServer - INFO - Failed attempt tracking: 0 IPs
2025-07-10 15:56:17,805 - SecureServer - INFO - Currently blocked IPs: 0
2025-07-10 15:56:17,806 - SecureServer - INFO - -------------------
2025-07-10 15:57:17,807 - SecureServer - INFO - --- Stats Update ---
2025-07-10 15:57:17,807 - SecureServer - INFO - Failed attempt tracking: 0 IPs
2025-07-10 15:57:17,808 - SecureServer - INFO - Currently blocked IPs: 0
2025-07-10 15:57:17,808 - SecureServer - INFO - -------------------
2025-07-10 15:58:17,809 - SecureServer - INFO - --- Stats Update ---
2025-07-10 15:58:17,810 - SecureServer - INFO - Failed attempt tracking: 0 IPs
2025-07-10 15:58:17,810 - SecureServer - INFO - Currently blocked IPs: 0
2025-07-10 15:58:17,810 - SecureServer - INFO - -------------------
2025-07-10 15:59:17,811 - SecureServer - INFO - --- Stats Update ---
2025-07-10 15:59:17,812 - SecureServer - INFO - Failed attempt tracking: 0 IPs
2025-07-10 15:59:17,812 - SecureServer - INFO - Currently blocked IPs: 0
2025-07-10 15:59:17,813 - SecureServer - INFO - -------------------
2025-07-10 16:00:17,814 - SecureServer - INFO - --- Stats Update ---
2025-07-10 16:00:17,815 - SecureServer - INFO - Failed attempt tracking: 0 IPs
2025-07-10 16:00:17,815 - SecureServer - INFO - Currently blocked IPs: 0
2025-07-10 16:00:17,816 - SecureServer - INFO - -------------------
2025-07-10 16:01:17,817 - SecureServer - INFO - --- Stats Update ---
2025-07-10 16:01:17,817 - SecureServer - INFO - Failed attempt tracking: 0 IPs
2025-07-10 16:01:17,818 - SecureServer - INFO - Currently blocked IPs: 0
2025-07-10 16:01:17,818 - SecureServer - INFO - -------------------
2025-07-10 16:02:17,819 - SecureServer - INFO - --- Stats Update ---
2025-07-10 16:02:17,820 - SecureServer - INFO - Failed attempt tracking: 0 IPs
2025-07-10 16:02:17,821 - SecureServer - INFO - Currently blocked IPs: 0
2025-07-10 16:02:17,821 - SecureServer - INFO - -------------------
2025-07-10 16:03:17,822 - SecureServer - INFO - --- Stats Update ---
2025-07-10 16:03:17,823 - SecureServer - INFO - Failed attempt tracking: 0 IPs
2025-07-10 16:03:17,824 - SecureServer - INFO - Currently blocked IPs: 0
2025-07-10 16:03:17,824 - SecureServer - INFO - -------------------
2025-07-10 16:04:17,826 - SecureServer - INFO - --- Stats Update ---
2025-07-10 16:04:17,827 - SecureServer - INFO - Failed attempt tracking: 0 IPs
2025-07-10 16:04:17,828 - SecureServer - INFO - Currently blocked IPs: 0
2025-07-10 16:04:17,828 - SecureServer - INFO - -------------------
2025-07-10 16:42:13,144 - SecureServer - INFO - --- Stats Update ---
2025-07-10 16:42:13,149 - SecureServer - INFO - Failed attempt tracking: 0 IPs
2025-07-10 16:42:13,150 - SecureServer - INFO - Currently blocked IPs: 0
2025-07-10 16:42:13,150 - SecureServer - INFO - -------------------
2025-07-10 16:43:13,151 - SecureServer - INFO - --- Stats Update ---
2025-07-10 16:43:13,151 - SecureServer - INFO - Failed attempt tracking: 0 IPs
2025-07-10 16:43:13,152 - SecureServer - INFO - Currently blocked IPs: 0
2025-07-10 16:43:13,156 - SecureServer - INFO - -------------------
2025-07-10 16:44:13,157 - SecureServer - INFO - --- Stats Update ---
2025-07-10 16:44:13,158 - SecureServer - INFO - Failed attempt tracking: 0 IPs
2025-07-10 16:44:13,158 - SecureServer - INFO - Currently blocked IPs: 0
2025-07-10 16:44:13,158 - SecureServer - INFO - -------------------
2025-07-10 16:45:13,160 - SecureServer - INFO - --- Stats Update ---
2025-07-10 16:45:13,161 - SecureServer - INFO - Failed attempt tracking: 0 IPs
2025-07-10 16:45:13,161 - SecureServer - INFO - Currently blocked IPs: 0
2025-07-10 16:45:13,162 - SecureServer - INFO - -------------------
2025-07-10 16:46:13,163 - SecureServer - INFO - --- Stats Update ---
2025-07-10 16:46:13,164 - SecureServer - INFO - Failed attempt tracking: 0 IPs
2025-07-10 16:46:13,165 - SecureServer - INFO - Currently blocked IPs: 0
2025-07-10 16:46:13,166 - SecureServer - INFO - -------------------
2025-07-10 16:47:13,167 - SecureServer - INFO - --- Stats Update ---
2025-07-10 16:47:13,169 - SecureServer - INFO - Failed attempt tracking: 0 IPs
2025-07-10 16:47:13,170 - SecureServer - INFO - Currently blocked IPs: 0
2025-07-10 16:47:13,171 - SecureServer - INFO - -------------------
2025-07-10 16:48:13,172 - SecureServer - INFO - --- Stats Update ---
2025-07-10 16:48:13,173 - SecureServer - INFO - Failed attempt tracking: 0 IPs
2025-07-10 16:48:13,174 - SecureServer - INFO - Currently blocked IPs: 0
2025-07-10 16:48:13,174 - SecureServer - INFO - -------------------
2025-07-10 16:49:13,176 - SecureServer - INFO - --- Stats Update ---
2025-07-10 16:49:13,176 - SecureServer - INFO - Failed attempt tracking: 0 IPs
2025-07-10 16:49:13,177 - SecureServer - INFO - Currently blocked IPs: 0
2025-07-10 16:49:13,177 - SecureServer - INFO - -------------------
2025-07-10 16:50:13,178 - SecureServer - INFO - --- Stats Update ---
2025-07-10 16:50:13,178 - SecureServer - INFO - Failed attempt tracking: 0 IPs
2025-07-10 16:50:13,179 - SecureServer - INFO - Currently blocked IPs: 0
2025-07-10 16:50:13,180 - SecureServer - INFO - -------------------
2025-07-10 16:51:13,180 - SecureServer - INFO - --- Stats Update ---
2025-07-10 16:51:13,181 - SecureServer - INFO - Failed attempt tracking: 0 IPs
2025-07-10 16:51:13,182 - SecureServer - INFO - Currently blocked IPs: 0
2025-07-10 16:51:13,182 - SecureServer - INFO - -------------------
2025-07-10 16:52:13,183 - SecureServer - INFO - --- Stats Update ---
2025-07-10 16:52:13,184 - SecureServer - INFO - Failed attempt tracking: 0 IPs
2025-07-10 16:52:13,184 - SecureServer - INFO - Currently blocked IPs: 0
2025-07-10 16:52:13,185 - SecureServer - INFO - -------------------
2025-07-10 16:53:13,186 - SecureServer - INFO - --- Stats Update ---
2025-07-10 16:53:13,187 - SecureServer - INFO - Failed attempt tracking: 0 IPs
2025-07-10 16:53:13,187 - SecureServer - INFO - Currently blocked IPs: 0
2025-07-10 16:53:13,188 - SecureServer - INFO - -------------------
2025-07-10 16:54:13,189 - SecureServer - INFO - --- Stats Update ---
2025-07-10 16:54:13,189 - SecureServer - INFO - Failed attempt tracking: 0 IPs
2025-07-10 16:54:13,190 - SecureServer - INFO - Currently blocked IPs: 0
2025-07-10 16:54:13,191 - SecureServer - INFO - -------------------
2025-07-10 16:55:13,202 - SecureServer - INFO - --- Stats Update ---
2025-07-10 16:55:13,203 - SecureServer - INFO - Failed attempt tracking: 0 IPs
2025-07-10 16:55:13,203 - SecureServer - INFO - Currently blocked IPs: 0
2025-07-10 16:55:13,203 - SecureServer - INFO - -------------------
2025-07-10 16:56:13,204 - SecureServer - INFO - --- Stats Update ---
2025-07-10 16:56:13,205 - SecureServer - INFO - Failed attempt tracking: 0 IPs
2025-07-10 16:56:13,206 - SecureServer - INFO - Currently blocked IPs: 0
2025-07-10 16:56:13,206 - SecureServer - INFO - -------------------
2025-07-10 16:57:13,207 - SecureServer - INFO - --- Stats Update ---
2025-07-10 16:57:13,208 - SecureServer - INFO - Failed attempt tracking: 0 IPs
2025-07-10 16:57:13,208 - SecureServer - INFO - Currently blocked IPs: 0
2025-07-10 16:57:13,209 - SecureServer - INFO - -------------------
2025-07-10 16:58:13,209 - SecureServer - INFO - --- Stats Update ---
2025-07-10 16:58:13,210 - SecureServer - INFO - Failed attempt tracking: 0 IPs
2025-07-10 16:58:13,210 - SecureServer - INFO - Currently blocked IPs: 0
2025-07-10 16:58:13,211 - SecureServer - INFO - -------------------
2025-07-10 16:59:13,212 - SecureServer - INFO - --- Stats Update ---
2025-07-10 16:59:13,227 - SecureServer - INFO - Failed attempt tracking: 0 IPs
2025-07-10 16:59:13,228 - SecureServer - INFO - Currently blocked IPs: 0
2025-07-10 16:59:13,229 - SecureServer - INFO - -------------------
2025-07-10 17:00:13,233 - SecureServer - INFO - --- Stats Update ---
2025-07-10 17:00:13,238 - SecureServer - INFO - Failed attempt tracking: 0 IPs
2025-07-10 17:00:13,239 - SecureServer - INFO - Currently blocked IPs: 0
2025-07-10 17:00:13,241 - SecureServer - INFO - -------------------
2025-07-10 17:01:13,243 - SecureServer - INFO - --- Stats Update ---
2025-07-10 17:01:13,243 - SecureServer - INFO - Failed attempt tracking: 0 IPs
2025-07-10 17:01:13,244 - SecureServer - INFO - Currently blocked IPs: 0
2025-07-10 17:01:13,245 - SecureServer - INFO - -------------------
2025-07-10 17:02:13,246 - SecureServer - INFO - --- Stats Update ---
2025-07-10 17:02:13,247 - SecureServer - INFO - Failed attempt tracking: 0 IPs
2025-07-10 17:02:13,248 - SecureServer - INFO - Currently blocked IPs: 0
2025-07-10 17:02:13,248 - SecureServer - INFO - -------------------
2025-07-10 17:03:13,249 - SecureServer - INFO - --- Stats Update ---
2025-07-10 17:03:13,250 - SecureServer - INFO - Failed attempt tracking: 0 IPs
2025-07-10 17:03:13,250 - SecureServer - INFO - Currently blocked IPs: 0
2025-07-10 17:03:13,250 - SecureServer - INFO - -------------------
2025-07-10 17:04:13,251 - SecureServer - INFO - --- Stats Update ---
2025-07-10 17:04:13,252 - SecureServer - INFO - Failed attempt tracking: 0 IPs
2025-07-10 17:04:13,252 - SecureServer - INFO - Currently blocked IPs: 0
2025-07-10 17:04:13,253 - SecureServer - INFO - -------------------
2025-07-10 17:05:13,254 - SecureServer - INFO - --- Stats Update ---
2025-07-10 17:05:13,255 - SecureServer - INFO - Failed attempt tracking: 0 IPs
2025-07-10 17:05:13,255 - SecureServer - INFO - Currently blocked IPs: 0
2025-07-10 17:05:13,256 - SecureServer - INFO - -------------------
2025-07-10 17:06:13,257 - SecureServer - INFO - --- Stats Update ---
2025-07-10 17:06:13,258 - SecureServer - INFO - Failed attempt tracking: 0 IPs
2025-07-10 17:06:13,258 - SecureServer - INFO - Currently blocked IPs: 0
2025-07-10 17:06:13,258 - SecureServer - INFO - -------------------
2025-07-10 17:07:13,259 - SecureServer - INFO - --- Stats Update ---
2025-07-10 17:07:13,260 - SecureServer - INFO - Failed attempt tracking: 0 IPs
2025-07-10 17:07:13,262 - SecureServer - INFO - Currently blocked IPs: 0
2025-07-10 17:07:13,262 - SecureServer - INFO - -------------------
2025-07-10 17:08:13,263 - SecureServer - INFO - --- Stats Update ---
2025-07-10 17:08:13,263 - SecureServer - INFO - Failed attempt tracking: 0 IPs
2025-07-10 17:08:13,264 - SecureServer - INFO - Currently blocked IPs: 0
2025-07-10 17:08:13,264 - SecureServer - INFO - -------------------
2025-07-10 17:09:13,264 - SecureServer - INFO - --- Stats Update ---
2025-07-10 17:09:13,265 - SecureServer - INFO - Failed attempt tracking: 0 IPs
2025-07-10 17:09:13,265 - SecureServer - INFO - Currently blocked IPs: 0
2025-07-10 17:09:13,265 - SecureServer - INFO - -------------------
2025-07-10 17:10:13,266 - SecureServer - INFO - --- Stats Update ---
2025-07-10 17:10:13,266 - SecureServer - INFO - Failed attempt tracking: 0 IPs
2025-07-10 17:10:13,266 - SecureServer - INFO - Currently blocked IPs: 0
2025-07-10 17:10:13,267 - SecureServer - INFO - -------------------
2025-07-10 17:11:13,268 - SecureServer - INFO - --- Stats Update ---
2025-07-10 17:11:13,270 - SecureServer - INFO - Failed attempt tracking: 0 IPs
2025-07-10 17:11:13,271 - SecureServer - INFO - Currently blocked IPs: 0
2025-07-10 17:11:13,272 - SecureServer - INFO - -------------------
2025-07-10 17:12:13,273 - SecureServer - INFO - --- Stats Update ---
2025-07-10 17:12:13,273 - SecureServer - INFO - Failed attempt tracking: 0 IPs
2025-07-10 17:12:13,274 - SecureServer - INFO - Currently blocked IPs: 0
2025-07-10 17:12:13,274 - SecureServer - INFO - -------------------
2025-07-10 17:13:13,275 - SecureServer - INFO - --- Stats Update ---
2025-07-10 17:13:13,276 - SecureServer - INFO - Failed attempt tracking: 0 IPs
2025-07-10 17:13:13,277 - SecureServer - INFO - Currently blocked IPs: 0
2025-07-10 17:13:13,277 - SecureServer - INFO - -------------------
2025-07-10 17:14:13,279 - SecureServer - INFO - --- Stats Update ---
2025-07-10 17:14:13,279 - SecureServer - INFO - Failed attempt tracking: 0 IPs
2025-07-10 17:14:13,279 - SecureServer - INFO - Currently blocked IPs: 0
2025-07-10 17:14:13,279 - SecureServer - INFO - -------------------
2025-07-10 17:15:13,280 - SecureServer - INFO - --- Stats Update ---
2025-07-10 17:15:13,281 - SecureServer - INFO - Failed attempt tracking: 0 IPs
2025-07-10 17:15:13,282 - SecureServer - INFO - Currently blocked IPs: 0
2025-07-10 17:15:13,283 - SecureServer - INFO - -------------------
2025-07-10 17:16:13,284 - SecureServer - INFO - --- Stats Update ---
2025-07-10 17:16:13,285 - SecureServer - INFO - Failed attempt tracking: 0 IPs
2025-07-10 17:16:13,285 - SecureServer - INFO - Currently blocked IPs: 0
2025-07-10 17:16:13,285 - SecureServer - INFO - -------------------
2025-07-10 17:17:13,287 - SecureServer - INFO - --- Stats Update ---
2025-07-10 17:17:13,288 - SecureServer - INFO - Failed attempt tracking: 0 IPs
2025-07-10 17:17:13,288 - SecureServer - INFO - Currently blocked IPs: 0
2025-07-10 17:17:13,289 - SecureServer - INFO - -------------------
2025-07-10 17:18:13,290 - SecureServer - INFO - --- Stats Update ---
2025-07-10 17:18:13,290 - SecureServer - INFO - Failed attempt tracking: 0 IPs
2025-07-10 17:18:13,291 - SecureServer - INFO - Currently blocked IPs: 0
2025-07-10 17:18:13,292 - SecureServer - INFO - -------------------
2025-07-10 17:19:13,293 - SecureServer - INFO - --- Stats Update ---
2025-07-10 17:19:13,294 - SecureServer - INFO - Failed attempt tracking: 0 IPs
2025-07-10 17:19:13,294 - SecureServer - INFO - Currently blocked IPs: 0
2025-07-10 17:19:13,294 - SecureServer - INFO - -------------------
2025-07-10 17:20:13,295 - SecureServer - INFO - --- Stats Update ---
2025-07-10 17:20:13,295 - SecureServer - INFO - Failed attempt tracking: 0 IPs
2025-07-10 17:20:13,296 - SecureServer - INFO - Currently blocked IPs: 0
2025-07-10 17:20:13,297 - SecureServer - INFO - -------------------
2025-07-10 17:21:13,298 - SecureServer - INFO - --- Stats Update ---
2025-07-10 17:21:13,299 - SecureServer - INFO - Failed attempt tracking: 0 IPs
2025-07-10 17:21:13,300 - SecureServer - INFO - Currently blocked IPs: 0
2025-07-10 17:21:13,300 - SecureServer - INFO - -------------------
2025-07-10 17:22:13,301 - SecureServer - INFO - --- Stats Update ---
2025-07-10 17:22:13,302 - SecureServer - INFO - Failed attempt tracking: 0 IPs
2025-07-10 17:22:13,302 - SecureServer - INFO - Currently blocked IPs: 0
2025-07-10 17:22:13,302 - SecureServer - INFO - -------------------
2025-07-10 17:23:13,303 - SecureServer - INFO - --- Stats Update ---
2025-07-10 17:23:13,306 - SecureServer - INFO - Failed attempt tracking: 0 IPs
2025-07-10 17:23:13,307 - SecureServer - INFO - Currently blocked IPs: 0
2025-07-10 17:23:13,308 - SecureServer - INFO - -------------------
2025-07-10 17:24:13,309 - SecureServer - INFO - --- Stats Update ---
2025-07-10 17:24:13,310 - SecureServer - INFO - Failed attempt tracking: 0 IPs
2025-07-10 17:24:13,310 - SecureServer - INFO - Currently blocked IPs: 0
2025-07-10 17:24:13,311 - SecureServer - INFO - -------------------
2025-07-10 17:25:13,314 - SecureServer - INFO - --- Stats Update ---
2025-07-10 17:25:13,315 - SecureServer - INFO - Failed attempt tracking: 0 IPs
2025-07-10 17:25:13,315 - SecureServer - INFO - Currently blocked IPs: 0
2025-07-10 17:25:13,316 - SecureServer - INFO - -------------------
2025-07-10 17:26:13,319 - SecureServer - INFO - --- Stats Update ---
2025-07-10 17:26:13,320 - SecureServer - INFO - Failed attempt tracking: 0 IPs
2025-07-10 17:26:13,320 - SecureServer - INFO - Currently blocked IPs: 0
2025-07-10 17:26:13,322 - SecureServer - INFO - -------------------
2025-07-10 17:27:13,323 - SecureServer - INFO - --- Stats Update ---
2025-07-10 17:27:13,324 - SecureServer - INFO - Failed attempt tracking: 0 IPs
2025-07-10 17:27:13,325 - SecureServer - INFO - Currently blocked IPs: 0
2025-07-10 17:27:13,325 - SecureServer - INFO - -------------------
2025-07-10 17:28:13,328 - SecureServer - INFO - --- Stats Update ---
2025-07-10 17:28:13,329 - SecureServer - INFO - Failed attempt tracking: 0 IPs
2025-07-10 17:28:13,329 - SecureServer - INFO - Currently blocked IPs: 0
2025-07-10 17:28:13,330 - SecureServer - INFO - -------------------
2025-07-10 17:29:13,331 - SecureServer - INFO - --- Stats Update ---
2025-07-10 17:29:13,331 - SecureServer - INFO - Failed attempt tracking: 0 IPs
2025-07-10 17:29:13,332 - SecureServer - INFO - Currently blocked IPs: 0
2025-07-10 17:29:13,332 - SecureServer - INFO - -------------------
2025-07-10 17:30:13,333 - SecureServer - INFO - --- Stats Update ---
2025-07-10 17:30:13,334 - SecureServer - INFO - Failed attempt tracking: 0 IPs
2025-07-10 17:30:13,334 - SecureServer - INFO - Currently blocked IPs: 0
2025-07-10 17:30:13,334 - SecureServer - INFO - -------------------
2025-07-10 17:31:13,337 - SecureServer - INFO - --- Stats Update ---
2025-07-10 17:31:13,338 - SecureServer - INFO - Failed attempt tracking: 0 IPs
2025-07-10 17:31:13,338 - SecureServer - INFO - Currently blocked IPs: 0
2025-07-10 17:31:13,339 - SecureServer - INFO - -------------------
2025-07-10 17:32:13,340 - SecureServer - INFO - --- Stats Update ---
2025-07-10 17:32:13,340 - SecureServer - INFO - Failed attempt tracking: 0 IPs
2025-07-10 17:32:13,342 - SecureServer - INFO - Currently blocked IPs: 0
2025-07-10 17:32:13,342 - SecureServer - INFO - -------------------
2025-07-10 17:33:13,344 - SecureServer - INFO - --- Stats Update ---
2025-07-10 17:33:13,344 - SecureServer - INFO - Failed attempt tracking: 0 IPs
2025-07-10 17:33:13,344 - SecureServer - INFO - Currently blocked IPs: 0
2025-07-10 17:33:13,345 - SecureServer - INFO - -------------------
2025-07-10 17:34:13,346 - SecureServer - INFO - --- Stats Update ---
2025-07-10 17:34:13,346 - SecureServer - INFO - Failed attempt tracking: 0 IPs
2025-07-10 17:34:13,348 - SecureServer - INFO - Currently blocked IPs: 0
2025-07-10 17:34:13,350 - SecureServer - INFO - -------------------
2025-07-10 17:35:13,350 - SecureServer - INFO - --- Stats Update ---
2025-07-10 17:35:13,351 - SecureServer - INFO - Failed attempt tracking: 0 IPs
2025-07-10 17:35:13,352 - SecureServer - INFO - Currently blocked IPs: 0
2025-07-10 17:35:13,353 - SecureServer - INFO - -------------------
2025-07-10 17:36:13,354 - SecureServer - INFO - --- Stats Update ---
2025-07-10 17:36:13,354 - SecureServer - INFO - Failed attempt tracking: 0 IPs
2025-07-10 17:36:13,355 - SecureServer - INFO - Currently blocked IPs: 0
2025-07-10 17:36:13,355 - SecureServer - INFO - -------------------
2025-07-10 17:37:13,356 - SecureServer - INFO - --- Stats Update ---
2025-07-10 17:37:13,356 - SecureServer - INFO - Failed attempt tracking: 0 IPs
2025-07-10 17:37:13,357 - SecureServer - INFO - Currently blocked IPs: 0
2025-07-10 17:37:13,357 - SecureServer - INFO - -------------------
2025-07-10 17:38:13,358 - SecureServer - INFO - --- Stats Update ---
2025-07-10 17:38:13,361 - SecureServer - INFO - Failed attempt tracking: 0 IPs
2025-07-10 17:38:13,362 - SecureServer - INFO - Currently blocked IPs: 0
2025-07-10 17:38:13,362 - SecureServer - INFO - -------------------
2025-07-10 17:39:13,363 - SecureServer - INFO - --- Stats Update ---
2025-07-10 17:39:13,364 - SecureServer - INFO - Failed attempt tracking: 0 IPs
2025-07-10 17:39:13,365 - SecureServer - INFO - Currently blocked IPs: 0
2025-07-10 17:39:13,365 - SecureServer - INFO - -------------------
2025-07-10 17:40:13,366 - SecureServer - INFO - --- Stats Update ---
2025-07-10 17:40:13,367 - SecureServer - INFO - Failed attempt tracking: 0 IPs
2025-07-10 17:40:13,367 - SecureServer - INFO - Currently blocked IPs: 0
2025-07-10 17:40:13,368 - SecureServer - INFO - -------------------
2025-07-10 17:41:13,369 - SecureServer - INFO - --- Stats Update ---
2025-07-10 17:41:13,369 - SecureServer - INFO - Failed attempt tracking: 0 IPs
2025-07-10 17:41:13,370 - SecureServer - INFO - Currently blocked IPs: 0
2025-07-10 17:41:13,370 - SecureServer - INFO - -------------------
2025-07-10 17:42:13,379 - SecureServer - INFO - --- Stats Update ---
2025-07-10 17:42:13,380 - SecureServer - INFO - Failed attempt tracking: 0 IPs
2025-07-10 17:42:13,381 - SecureServer - INFO - Currently blocked IPs: 0
2025-07-10 17:42:13,381 - SecureServer - INFO - -------------------
2025-07-10 17:43:13,382 - SecureServer - INFO - --- Stats Update ---
2025-07-10 17:43:13,383 - SecureServer - INFO - Failed attempt tracking: 0 IPs
2025-07-10 17:43:13,383 - SecureServer - INFO - Currently blocked IPs: 0
2025-07-10 17:43:13,384 - SecureServer - INFO - -------------------
2025-07-10 17:44:13,385 - SecureServer - INFO - --- Stats Update ---
2025-07-10 17:44:13,387 - SecureServer - INFO - Failed attempt tracking: 0 IPs
2025-07-10 17:44:13,388 - SecureServer - INFO - Currently blocked IPs: 0
2025-07-10 17:44:13,389 - SecureServer - INFO - -------------------
2025-07-10 17:51:15,157 - SecureServer - INFO - --- Stats Update ---
2025-07-10 17:51:15,158 - SecureServer - INFO - Failed attempt tracking: 0 IPs
2025-07-10 17:51:15,159 - SecureServer - INFO - Currently blocked IPs: 0
2025-07-10 17:51:15,161 - SecureServer - INFO - -------------------
2025-07-10 17:52:15,163 - SecureServer - INFO - --- Stats Update ---
2025-07-10 17:52:15,166 - SecureServer - INFO - Failed attempt tracking: 0 IPs
2025-07-10 17:52:15,169 - SecureServer - INFO - Currently blocked IPs: 0
2025-07-10 17:52:15,171 - SecureServer - INFO - -------------------
2025-07-10 17:53:15,174 - SecureServer - INFO - --- Stats Update ---
2025-07-10 17:53:15,174 - SecureServer - INFO - Failed attempt tracking: 0 IPs
2025-07-10 17:53:15,175 - SecureServer - INFO - Currently blocked IPs: 0
2025-07-10 17:53:15,175 - SecureServer - INFO - -------------------
2025-07-10 17:54:15,176 - SecureServer - INFO - --- Stats Update ---
2025-07-10 17:54:15,177 - SecureServer - INFO - Failed attempt tracking: 0 IPs
2025-07-10 17:54:15,178 - SecureServer - INFO - Currently blocked IPs: 0
2025-07-10 17:54:15,179 - SecureServer - INFO - -------------------
2025-07-10 18:00:19,952 - SecureServer - INFO - --- Stats Update ---
2025-07-10 18:00:19,989 - SecureServer - INFO - Failed attempt tracking: 0 IPs
2025-07-10 18:00:20,021 - SecureServer - INFO - Currently blocked IPs: 0
2025-07-10 18:00:20,057 - SecureServer - INFO - -------------------
2025-07-10 18:05:32,228 - SecureServer - INFO - --- Stats Update ---
2025-07-10 18:05:32,236 - SecureServer - INFO - Failed attempt tracking: 0 IPs
2025-07-10 18:05:32,239 - SecureServer - INFO - Currently blocked IPs: 0
2025-07-10 18:05:32,243 - SecureServer - INFO - -------------------
2025-07-10 18:06:32,245 - SecureServer - INFO - --- Stats Update ---
2025-07-10 18:06:32,249 - SecureServer - INFO - Failed attempt tracking: 0 IPs
2025-07-10 18:06:32,250 - SecureServer - INFO - Currently blocked IPs: 0
2025-07-10 18:06:32,252 - SecureServer - INFO - -------------------
2025-07-10 18:07:32,260 - SecureServer - INFO - --- Stats Update ---
2025-07-10 18:07:32,262 - SecureServer - INFO - Failed attempt tracking: 0 IPs
2025-07-10 18:07:32,262 - SecureServer - INFO - Currently blocked IPs: 0
2025-07-10 18:07:32,263 - SecureServer - INFO - -------------------
2025-07-10 18:08:32,264 - SecureServer - INFO - --- Stats Update ---
2025-07-10 18:08:32,264 - SecureServer - INFO - Failed attempt tracking: 0 IPs
2025-07-10 18:08:32,265 - SecureServer - INFO - Currently blocked IPs: 0
2025-07-10 18:08:32,266 - SecureServer - INFO - -------------------
2025-07-10 18:09:32,266 - SecureServer - INFO - --- Stats Update ---
2025-07-10 18:09:32,267 - SecureServer - INFO - Failed attempt tracking: 0 IPs
2025-07-10 18:09:32,267 - SecureServer - INFO - Currently blocked IPs: 0
2025-07-10 18:09:32,268 - SecureServer - INFO - -------------------
2025-07-10 18:10:32,269 - SecureServer - INFO - --- Stats Update ---
2025-07-10 18:10:32,269 - SecureServer - INFO - Failed attempt tracking: 0 IPs
2025-07-10 18:10:32,270 - SecureServer - INFO - Currently blocked IPs: 0
2025-07-10 18:10:32,271 - SecureServer - INFO - -------------------
2025-07-10 18:11:32,272 - SecureServer - INFO - --- Stats Update ---
2025-07-10 18:11:32,272 - SecureServer - INFO - Failed attempt tracking: 0 IPs
2025-07-10 18:11:32,273 - SecureServer - INFO - Currently blocked IPs: 0
2025-07-10 18:11:32,273 - SecureServer - INFO - -------------------
2025-07-10 18:12:32,275 - SecureServer - INFO - --- Stats Update ---
2025-07-10 18:12:32,276 - SecureServer - INFO - Failed attempt tracking: 0 IPs
2025-07-10 18:12:32,277 - SecureServer - INFO - Currently blocked IPs: 0
2025-07-10 18:12:32,277 - SecureServer - INFO - -------------------
2025-07-10 18:13:32,278 - SecureServer - INFO - --- Stats Update ---
2025-07-10 18:13:32,279 - SecureServer - INFO - Failed attempt tracking: 0 IPs
2025-07-10 18:13:32,279 - SecureServer - INFO - Currently blocked IPs: 0
2025-07-10 18:13:32,280 - SecureServer - INFO - -------------------
2025-07-10 18:30:55,081 - SecureServer - INFO - Server started on 127.0.0.1:9999
2025-07-10 18:30:55,082 - SecureServer - INFO - Security settings:
2025-07-10 18:30:55,082 - SecureServer - INFO - - Max failed attempts: 5
2025-07-10 18:30:55,082 - SecureServer - INFO - - Block time: 300 seconds
2025-07-10 18:30:55,082 - SecureServer - INFO - - Detection window: 30 seconds
2025-07-10 18:30:55,083 - SecureServer - INFO - - Attempt threshold: 10
2025-07-10 18:31:55,081 - SecureServer - INFO - --- Stats Update ---
2025-07-10 18:31:55,082 - SecureServer - INFO - Failed attempt tracking: 0 IPs
2025-07-10 18:31:55,082 - SecureServer - INFO - Currently blocked IPs: 0
2025-07-10 18:31:55,083 - SecureServer - INFO - -------------------
2025-07-10 18:32:40,340 - SecureServer - INFO - Connection from 127.0.0.1:57239
2025-07-10 18:32:40,340 - SecureServer - INFO - Successful login for user 'admin' from 127.0.0.1
2025-07-10 18:32:55,083 - SecureServer - INFO - --- Stats Update ---
2025-07-10 18:32:55,084 - SecureServer - INFO - Failed attempt tracking: 0 IPs
2025-07-10 18:32:55,084 - SecureServer - INFO - Currently blocked IPs: 0
2025-07-10 18:32:55,085 - SecureServer - INFO - -------------------
2025-07-10 18:33:55,086 - SecureServer - INFO - --- Stats Update ---
2025-07-10 18:33:55,087 - SecureServer - INFO - Failed attempt tracking: 0 IPs
2025-07-10 18:33:55,087 - SecureServer - INFO - Currently blocked IPs: 0
2025-07-10 18:33:55,088 - SecureServer - INFO - -------------------
2025-07-10 18:34:55,089 - SecureServer - INFO - --- Stats Update ---
2025-07-10 18:34:55,089 - SecureServer - INFO - Failed attempt tracking: 0 IPs
2025-07-10 18:34:55,090 - SecureServer - INFO - Currently blocked IPs: 0
2025-07-10 18:34:55,090 - SecureServer - INFO - -------------------
2025-07-10 18:35:55,091 - SecureServer - INFO - --- Stats Update ---
2025-07-10 18:35:55,092 - SecureServer - INFO - Failed attempt tracking: 0 IPs
2025-07-10 18:35:55,092 - SecureServer - INFO - Currently blocked IPs: 0
2025-07-10 18:35:55,093 - SecureServer - INFO - -------------------
2025-07-10 18:36:55,099 - SecureServer - INFO - --- Stats Update ---
2025-07-10 18:36:55,100 - SecureServer - INFO - Failed attempt tracking: 0 IPs
2025-07-10 18:36:55,100 - SecureServer - INFO - Currently blocked IPs: 0
2025-07-10 18:36:55,101 - SecureServer - INFO - -------------------
2025-07-10 18:37:55,102 - SecureServer - INFO - --- Stats Update ---
2025-07-10 18:37:55,103 - SecureServer - INFO - Failed attempt tracking: 0 IPs
2025-07-10 18:37:55,104 - SecureServer - INFO - Currently blocked IPs: 0
2025-07-10 18:37:55,104 - SecureServer - INFO - -------------------
2025-07-10 18:38:55,105 - SecureServer - INFO - --- Stats Update ---
2025-07-10 18:38:55,107 - SecureServer - INFO - Failed attempt tracking: 0 IPs
2025-07-10 18:38:55,109 - SecureServer - INFO - Currently blocked IPs: 0
2025-07-10 18:38:55,110 - SecureServer - INFO - -------------------
2025-07-10 18:39:55,111 - SecureServer - INFO - --- Stats Update ---
2025-07-10 18:39:55,112 - SecureServer - INFO - Failed attempt tracking: 0 IPs
2025-07-10 18:39:55,112 - SecureServer - INFO - Currently blocked IPs: 0
2025-07-10 18:39:55,112 - SecureServer - INFO - -------------------
2025-07-10 18:40:55,113 - SecureServer - INFO - --- Stats Update ---
2025-07-10 18:40:55,115 - SecureServer - INFO - Failed attempt tracking: 0 IPs
2025-07-10 18:40:55,116 - SecureServer - INFO - Currently blocked IPs: 0
2025-07-10 18:40:55,116 - SecureServer - INFO - -------------------
2025-07-10 18:41:55,122 - SecureServer - INFO - --- Stats Update ---
2025-07-10 18:41:55,123 - SecureServer - INFO - Failed attempt tracking: 0 IPs
2025-07-10 18:41:55,124 - SecureServer - INFO - Currently blocked IPs: 0
2025-07-10 18:41:55,124 - SecureServer - INFO - -------------------
2025-07-10 18:42:55,125 - SecureServer - INFO - --- Stats Update ---
2025-07-10 18:42:55,125 - SecureServer - INFO - Failed attempt tracking: 0 IPs
2025-07-10 18:42:55,126 - SecureServer - INFO - Currently blocked IPs: 0
2025-07-10 18:42:55,127 - SecureServer - INFO - -------------------
2025-07-10 18:43:55,128 - SecureServer - INFO - --- Stats Update ---
2025-07-10 18:43:55,128 - SecureServer - INFO - Failed attempt tracking: 0 IPs
2025-07-10 18:43:55,129 - SecureServer - INFO - Currently blocked IPs: 0
2025-07-10 18:43:55,130 - SecureServer - INFO - -------------------
2025-07-10 18:44:55,131 - SecureServer - INFO - --- Stats Update ---
2025-07-10 18:44:55,131 - SecureServer - INFO - Failed attempt tracking: 0 IPs
2025-07-10 18:44:55,132 - SecureServer - INFO - Currently blocked IPs: 0
2025-07-10 18:44:55,132 - SecureServer - INFO - -------------------
2025-07-10 18:45:55,133 - SecureServer - INFO - --- Stats Update ---
2025-07-10 18:45:55,134 - SecureServer - INFO - Failed attempt tracking: 0 IPs
2025-07-10 18:45:55,134 - SecureServer - INFO - Currently blocked IPs: 0
2025-07-10 18:45:55,134 - SecureServer - INFO - -------------------
2025-07-10 18:46:55,135 - SecureServer - INFO - --- Stats Update ---
2025-07-10 18:46:55,136 - SecureServer - INFO - Failed attempt tracking: 0 IPs
2025-07-10 18:46:55,136 - SecureServer - INFO - Currently blocked IPs: 0
2025-07-10 18:46:55,137 - SecureServer - INFO - -------------------
2025-07-10 18:47:55,139 - SecureServer - INFO - --- Stats Update ---
2025-07-10 18:47:55,139 - SecureServer - INFO - Failed attempt tracking: 0 IPs
2025-07-10 18:47:55,140 - SecureServer - INFO - Currently blocked IPs: 0
2025-07-10 18:47:55,142 - SecureServer - INFO - -------------------
2025-07-10 18:48:55,143 - SecureServer - INFO - --- Stats Update ---
2025-07-10 18:48:55,143 - SecureServer - INFO - Failed attempt tracking: 0 IPs
2025-07-10 18:48:55,144 - SecureServer - INFO - Currently blocked IPs: 0
2025-07-10 18:48:55,144 - SecureServer - INFO - -------------------
2025-07-10 18:49:55,145 - SecureServer - INFO - --- Stats Update ---
2025-07-10 18:49:55,145 - SecureServer - INFO - Failed attempt tracking: 0 IPs
2025-07-10 18:49:55,146 - SecureServer - INFO - Currently blocked IPs: 0
2025-07-10 18:49:55,146 - SecureServer - INFO - -------------------
2025-07-10 18:50:55,147 - SecureServer - INFO - --- Stats Update ---
2025-07-10 18:50:55,148 - SecureServer - INFO - Failed attempt tracking: 0 IPs
2025-07-10 18:50:55,149 - SecureServer - INFO - Currently blocked IPs: 0
2025-07-10 18:50:55,150 - SecureServer - INFO - -------------------
2025-07-10 18:51:55,153 - SecureServer - INFO - --- Stats Update ---
2025-07-10 18:51:55,155 - SecureServer - INFO - Failed attempt tracking: 0 IPs
2025-07-10 18:51:55,155 - SecureServer - INFO - Currently blocked IPs: 0
2025-07-10 18:51:55,156 - SecureServer - INFO - -------------------
2025-07-10 18:52:55,157 - SecureServer - INFO - --- Stats Update ---
2025-07-10 18:52:55,157 - SecureServer - INFO - Failed attempt tracking: 0 IPs
2025-07-10 18:52:55,158 - SecureServer - INFO - Currently blocked IPs: 0
2025-07-10 18:52:55,158 - SecureServer - INFO - -------------------
2025-07-10 18:53:55,159 - SecureServer - INFO - --- Stats Update ---
2025-07-10 18:53:55,159 - SecureServer - INFO - Failed attempt tracking: 0 IPs
2025-07-10 18:53:55,159 - SecureServer - INFO - Currently blocked IPs: 0
2025-07-10 18:53:55,160 - SecureServer - INFO - -------------------
2025-07-10 18:54:55,161 - SecureServer - INFO - --- Stats Update ---
2025-07-10 18:54:55,161 - SecureServer - INFO - Failed attempt tracking: 0 IPs
2025-07-10 18:54:55,162 - SecureServer - INFO - Currently blocked IPs: 0
2025-07-10 18:54:55,163 - SecureServer - INFO - -------------------
2025-07-10 18:55:55,164 - SecureServer - INFO - --- Stats Update ---
2025-07-10 18:55:55,165 - SecureServer - INFO - Failed attempt tracking: 0 IPs
2025-07-10 18:55:55,165 - SecureServer - INFO - Currently blocked IPs: 0
2025-07-10 18:55:55,166 - SecureServer - INFO - -------------------
2025-07-10 18:56:55,167 - SecureServer - INFO - --- Stats Update ---
2025-07-10 18:56:55,167 - SecureServer - INFO - Failed attempt tracking: 0 IPs
2025-07-10 18:56:55,167 - SecureServer - INFO - Currently blocked IPs: 0
2025-07-10 18:56:55,168 - SecureServer - INFO - -------------------
2025-07-10 18:57:55,172 - SecureServer - INFO - --- Stats Update ---
2025-07-10 18:57:55,173 - SecureServer - INFO - Failed attempt tracking: 0 IPs
2025-07-10 18:57:55,173 - SecureServer - INFO - Currently blocked IPs: 0
2025-07-10 18:57:55,174 - SecureServer - INFO - -------------------
2025-07-10 18:58:55,175 - SecureServer - INFO - --- Stats Update ---
2025-07-10 18:58:55,177 - SecureServer - INFO - Failed attempt tracking: 0 IPs
2025-07-10 18:58:55,177 - SecureServer - INFO - Currently blocked IPs: 0
2025-07-10 18:58:55,178 - SecureServer - INFO - -------------------
2025-07-10 18:59:55,182 - SecureServer - INFO - --- Stats Update ---
2025-07-10 18:59:55,183 - SecureServer - INFO - Failed attempt tracking: 0 IPs
2025-07-10 18:59:55,183 - SecureServer - INFO - Currently blocked IPs: 0
2025-07-10 18:59:55,183 - SecureServer - INFO - -------------------
2025-07-10 19:00:55,184 - SecureServer - INFO - --- Stats Update ---
2025-07-10 19:00:55,184 - SecureServer - INFO - Failed attempt tracking: 0 IPs
2025-07-10 19:00:55,185 - SecureServer - INFO - Currently blocked IPs: 0
2025-07-10 19:00:55,185 - SecureServer - INFO - -------------------
2025-07-10 19:01:55,186 - SecureServer - INFO - --- Stats Update ---
2025-07-10 19:01:55,186 - SecureServer - INFO - Failed attempt tracking: 0 IPs
2025-07-10 19:01:55,187 - SecureServer - INFO - Currently blocked IPs: 0
2025-07-10 19:01:55,188 - SecureServer - INFO - -------------------
2025-07-10 19:02:55,188 - SecureServer - INFO - --- Stats Update ---
2025-07-10 19:02:55,189 - SecureServer - INFO - Failed attempt tracking: 0 IPs
2025-07-10 19:02:55,189 - SecureServer - INFO - Currently blocked IPs: 0
2025-07-10 19:02:55,189 - SecureServer - INFO - -------------------
2025-07-10 19:03:55,190 - SecureServer - INFO - --- Stats Update ---
2025-07-10 19:03:55,191 - SecureServer - INFO - Failed attempt tracking: 0 IPs
2025-07-10 19:03:55,191 - SecureServer - INFO - Currently blocked IPs: 0
2025-07-10 19:03:55,191 - SecureServer - INFO - -------------------
2025-07-10 19:04:55,193 - SecureServer - INFO - --- Stats Update ---
2025-07-10 19:04:55,195 - SecureServer - INFO - Failed attempt tracking: 0 IPs
2025-07-10 19:04:55,197 - SecureServer - INFO - Currently blocked IPs: 0
2025-07-10 19:04:55,198 - SecureServer - INFO - -------------------
2025-07-10 19:05:55,199 - SecureServer - INFO - --- Stats Update ---
2025-07-10 19:05:55,200 - SecureServer - INFO - Failed attempt tracking: 0 IPs
2025-07-10 19:05:55,200 - SecureServer - INFO - Currently blocked IPs: 0
2025-07-10 19:05:55,200 - SecureServer - INFO - -------------------
2025-07-10 19:06:55,201 - SecureServer - INFO - --- Stats Update ---
2025-07-10 19:06:55,202 - SecureServer - INFO - Failed attempt tracking: 0 IPs
2025-07-10 19:06:55,202 - SecureServer - INFO - Currently blocked IPs: 0
2025-07-10 19:06:55,203 - SecureServer - INFO - -------------------
2025-07-10 19:07:55,210 - SecureServer - INFO - --- Stats Update ---
2025-07-10 19:07:55,212 - SecureServer - INFO - Failed attempt tracking: 0 IPs
2025-07-10 19:07:55,212 - SecureServer - INFO - Currently blocked IPs: 0
2025-07-10 19:07:55,213 - SecureServer - INFO - -------------------
2025-07-10 19:08:55,214 - SecureServer - INFO - --- Stats Update ---
2025-07-10 19:08:55,215 - SecureServer - INFO - Failed attempt tracking: 0 IPs
2025-07-10 19:08:55,216 - SecureServer - INFO - Currently blocked IPs: 0
2025-07-10 19:08:55,217 - SecureServer - INFO - -------------------
2025-07-10 19:09:55,219 - SecureServer - INFO - --- Stats Update ---
2025-07-10 19:09:55,220 - SecureServer - INFO - Failed attempt tracking: 0 IPs
2025-07-10 19:09:55,220 - SecureServer - INFO - Currently blocked IPs: 0
2025-07-10 19:09:55,221 - SecureServer - INFO - -------------------
2025-07-10 19:10:55,223 - SecureServer - INFO - --- Stats Update ---
2025-07-10 19:10:55,224 - SecureServer - INFO - Failed attempt tracking: 0 IPs
2025-07-10 19:10:55,226 - SecureServer - INFO - Currently blocked IPs: 0
2025-07-10 19:10:55,227 - SecureServer - INFO - -------------------
2025-07-10 19:11:55,229 - SecureServer - INFO - --- Stats Update ---
2025-07-10 19:11:55,229 - SecureServer - INFO - Failed attempt tracking: 0 IPs
2025-07-10 19:11:55,230 - SecureServer - INFO - Currently blocked IPs: 0
2025-07-10 19:11:55,231 - SecureServer - INFO - -------------------
2025-07-10 19:12:55,233 - SecureServer - INFO - --- Stats Update ---
2025-07-10 19:12:55,235 - SecureServer - INFO - Failed attempt tracking: 0 IPs
2025-07-10 19:12:55,237 - SecureServer - INFO - Currently blocked IPs: 0
2025-07-10 19:12:55,238 - SecureServer - INFO - -------------------
2025-07-10 19:13:55,241 - SecureServer - INFO - --- Stats Update ---
2025-07-10 19:13:55,242 - SecureServer - INFO - Failed attempt tracking: 0 IPs
2025-07-10 19:13:55,243 - SecureServer - INFO - Currently blocked IPs: 0
2025-07-10 19:13:55,244 - SecureServer - INFO - -------------------
2025-07-10 19:14:55,246 - SecureServer - INFO - --- Stats Update ---
2025-07-10 19:14:55,247 - SecureServer - INFO - Failed attempt tracking: 0 IPs
2025-07-10 19:14:55,249 - SecureServer - INFO - Currently blocked IPs: 0
2025-07-10 19:14:55,251 - SecureServer - INFO - -------------------
2025-07-10 19:15:55,252 - SecureServer - INFO - --- Stats Update ---
2025-07-10 19:15:55,253 - SecureServer - INFO - Failed attempt tracking: 0 IPs
2025-07-10 19:15:55,254 - SecureServer - INFO - Currently blocked IPs: 0
2025-07-10 19:15:55,255 - SecureServer - INFO - -------------------
2025-07-10 19:16:55,256 - SecureServer - INFO - --- Stats Update ---
2025-07-10 19:16:55,257 - SecureServer - INFO - Failed attempt tracking: 0 IPs
2025-07-10 19:16:55,258 - SecureServer - INFO - Currently blocked IPs: 0
2025-07-10 19:16:55,258 - SecureServer - INFO - -------------------
2025-07-10 19:17:55,260 - SecureServer - INFO - --- Stats Update ---
2025-07-10 19:17:55,260 - SecureServer - INFO - Failed attempt tracking: 0 IPs
2025-07-10 19:17:55,262 - SecureServer - INFO - Currently blocked IPs: 0
2025-07-10 19:17:55,262 - SecureServer - INFO - -------------------
2025-07-10 19:18:55,264 - SecureServer - INFO - --- Stats Update ---
2025-07-10 19:18:55,265 - SecureServer - INFO - Failed attempt tracking: 0 IPs
2025-07-10 19:18:55,266 - SecureServer - INFO - Currently blocked IPs: 0
2025-07-10 19:18:55,268 - SecureServer - INFO - -------------------
2025-07-10 19:19:55,269 - SecureServer - INFO - --- Stats Update ---
2025-07-10 19:19:55,276 - SecureServer - INFO - Failed attempt tracking: 0 IPs
2025-07-10 19:19:55,277 - SecureServer - INFO - Currently blocked IPs: 0
2025-07-10 19:19:55,277 - SecureServer - INFO - -------------------
2025-07-10 19:20:55,280 - SecureServer - INFO - --- Stats Update ---
2025-07-10 19:20:55,286 - SecureServer - INFO - Failed attempt tracking: 0 IPs
2025-07-10 19:20:55,287 - SecureServer - INFO - Currently blocked IPs: 0
2025-07-10 19:20:55,288 - SecureServer - INFO - -------------------
2025-07-10 19:21:55,290 - SecureServer - INFO - --- Stats Update ---
2025-07-10 19:21:55,291 - SecureServer - INFO - Failed attempt tracking: 0 IPs
2025-07-10 19:21:55,293 - SecureServer - INFO - Currently blocked IPs: 0
2025-07-10 19:21:55,293 - SecureServer - INFO - -------------------
2025-07-10 19:22:55,294 - SecureServer - INFO - --- Stats Update ---
2025-07-10 19:22:55,295 - SecureServer - INFO - Failed attempt tracking: 0 IPs
2025-07-10 19:22:55,296 - SecureServer - INFO - Currently blocked IPs: 0
2025-07-10 19:22:55,297 - SecureServer - INFO - -------------------
2025-07-11 09:52:55,296 - SecureServer - INFO - Server started on 127.0.0.1:9999
2025-07-11 09:52:55,296 - SecureServer - INFO - Security settings:
2025-07-11 09:52:55,297 - SecureServer - INFO - - Max failed attempts: 5
2025-07-11 09:52:55,297 - SecureServer - INFO - - Block time: 300 seconds
2025-07-11 09:52:55,297 - SecureServer - INFO - - Detection window: 30 seconds
2025-07-11 09:52:55,297 - SecureServer - INFO - - Attempt threshold: 10
2025-07-11 09:53:55,295 - SecureServer - INFO - --- Stats Update ---
2025-07-11 09:53:55,295 - SecureServer - INFO - Failed attempt tracking: 0 IPs
2025-07-11 09:53:55,296 - SecureServer - INFO - Currently blocked IPs: 0
2025-07-11 09:53:55,297 - SecureServer - INFO - -------------------
2025-07-11 09:54:30,590 - SecureServer - INFO - Connection from 127.0.0.1:62548
2025-07-11 09:54:30,591 - SecureServer - INFO - Successful login for user 'admin' from 127.0.0.1
2025-07-11 09:54:55,298 - SecureServer - INFO - --- Stats Update ---
2025-07-11 09:54:55,298 - SecureServer - INFO - Failed attempt tracking: 0 IPs
2025-07-11 09:54:55,298 - SecureServer - INFO - Currently blocked IPs: 0
2025-07-11 09:54:55,299 - SecureServer - INFO - -------------------
2025-07-11 09:55:55,300 - SecureServer - INFO - --- Stats Update ---
2025-07-11 09:55:55,300 - SecureServer - INFO - Failed attempt tracking: 0 IPs
2025-07-11 09:55:55,301 - SecureServer - INFO - Currently blocked IPs: 0
2025-07-11 09:55:55,302 - SecureServer - INFO - -------------------
2025-07-11 09:56:55,303 - SecureServer - INFO - --- Stats Update ---
2025-07-11 09:56:55,304 - SecureServer - INFO - Failed attempt tracking: 0 IPs
2025-07-11 09:56:55,305 - SecureServer - INFO - Currently blocked IPs: 0
2025-07-11 09:56:55,306 - SecureServer - INFO - -------------------
2025-07-11 09:57:55,307 - SecureServer - INFO - --- Stats Update ---
2025-07-11 09:57:55,308 - SecureServer - INFO - Failed attempt tracking: 0 IPs
2025-07-11 09:57:55,308 - SecureServer - INFO - Currently blocked IPs: 0
2025-07-11 09:57:55,309 - SecureServer - INFO - -------------------
2025-07-11 09:58:55,310 - SecureServer - INFO - --- Stats Update ---
2025-07-11 09:58:55,310 - SecureServer - INFO - Failed attempt tracking: 0 IPs
2025-07-11 09:58:55,311 - SecureServer - INFO - Currently blocked IPs: 0
2025-07-11 09:58:55,311 - SecureServer - INFO - -------------------
2025-07-11 09:59:55,312 - SecureServer - INFO - --- Stats Update ---
2025-07-11 09:59:55,313 - SecureServer - INFO - Failed attempt tracking: 0 IPs
2025-07-11 09:59:55,313 - SecureServer - INFO - Currently blocked IPs: 0
2025-07-11 09:59:55,314 - SecureServer - INFO - -------------------
2025-07-11 10:00:55,314 - SecureServer - INFO - --- Stats Update ---
2025-07-11 10:00:55,315 - SecureServer - INFO - Failed attempt tracking: 0 IPs
2025-07-11 10:00:55,315 - SecureServer - INFO - Currently blocked IPs: 0
2025-07-11 10:00:55,315 - SecureServer - INFO - -------------------
2025-07-11 10:01:55,316 - SecureServer - INFO - --- Stats Update ---
2025-07-11 10:01:55,316 - SecureServer - INFO - Failed attempt tracking: 0 IPs
2025-07-11 10:01:55,317 - SecureServer - INFO - Currently blocked IPs: 0
2025-07-11 10:01:55,317 - SecureServer - INFO - -------------------
2025-07-11 10:02:55,317 - SecureServer - INFO - --- Stats Update ---
2025-07-11 10:02:55,318 - SecureServer - INFO - Failed attempt tracking: 0 IPs
2025-07-11 10:02:55,318 - SecureServer - INFO - Currently blocked IPs: 0
2025-07-11 10:02:55,318 - SecureServer - INFO - -------------------
2025-07-11 10:03:55,319 - SecureServer - INFO - --- Stats Update ---
2025-07-11 10:03:55,319 - SecureServer - INFO - Failed attempt tracking: 0 IPs
2025-07-11 10:03:55,320 - SecureServer - INFO - Currently blocked IPs: 0
2025-07-11 10:03:55,320 - SecureServer - INFO - -------------------
2025-07-11 10:04:55,321 - SecureServer - INFO - --- Stats Update ---
2025-07-11 10:04:55,322 - SecureServer - INFO - Failed attempt tracking: 0 IPs
2025-07-11 10:04:55,322 - SecureServer - INFO - Currently blocked IPs: 0
2025-07-11 10:04:55,322 - SecureServer - INFO - -------------------
2025-07-11 10:05:55,323 - SecureServer - INFO - --- Stats Update ---
2025-07-11 10:05:55,323 - SecureServer - INFO - Failed attempt tracking: 0 IPs
2025-07-11 10:05:55,325 - SecureServer - INFO - Currently blocked IPs: 0
2025-07-11 10:05:55,325 - SecureServer - INFO - -------------------
2025-07-11 10:06:55,326 - SecureServer - INFO - --- Stats Update ---
2025-07-11 10:06:55,326 - SecureServer - INFO - Failed attempt tracking: 0 IPs
2025-07-11 10:06:55,326 - SecureServer - INFO - Currently blocked IPs: 0
2025-07-11 10:06:55,326 - SecureServer - INFO - -------------------
2025-07-11 10:07:55,327 - SecureServer - INFO - --- Stats Update ---
2025-07-11 10:07:55,328 - SecureServer - INFO - Failed attempt tracking: 0 IPs
2025-07-11 10:07:55,328 - SecureServer - INFO - Currently blocked IPs: 0
2025-07-11 10:07:55,329 - SecureServer - INFO - -------------------
2025-07-11 10:08:55,330 - SecureServer - INFO - --- Stats Update ---
2025-07-11 10:08:55,330 - SecureServer - INFO - Failed attempt tracking: 0 IPs
2025-07-11 10:08:55,331 - SecureServer - INFO - Currently blocked IPs: 0
2025-07-11 10:08:55,331 - SecureServer - INFO - -------------------
2025-07-11 10:09:55,332 - SecureServer - INFO - --- Stats Update ---
2025-07-11 10:09:55,333 - SecureServer - INFO - Failed attempt tracking: 0 IPs
2025-07-11 10:09:55,333 - SecureServer - INFO - Currently blocked IPs: 0
2025-07-11 10:09:55,333 - SecureServer - INFO - -------------------
2025-07-11 10:10:55,333 - SecureServer - INFO - --- Stats Update ---
2025-07-11 10:10:55,334 - SecureServer - INFO - Failed attempt tracking: 0 IPs
2025-07-11 10:10:55,334 - SecureServer - INFO - Currently blocked IPs: 0
2025-07-11 10:10:55,334 - SecureServer - INFO - -------------------
2025-07-11 10:11:55,337 - SecureServer - INFO - --- Stats Update ---
2025-07-11 10:11:55,338 - SecureServer - INFO - Failed attempt tracking: 0 IPs
2025-07-11 10:11:55,338 - SecureServer - INFO - Currently blocked IPs: 0
2025-07-11 10:11:55,338 - SecureServer - INFO - -------------------
2025-07-11 10:12:55,339 - SecureServer - INFO - --- Stats Update ---
2025-07-11 10:12:55,339 - SecureServer - INFO - Failed attempt tracking: 0 IPs
2025-07-11 10:12:55,339 - SecureServer - INFO - Currently blocked IPs: 0
2025-07-11 10:12:55,340 - SecureServer - INFO - -------------------
2025-07-11 10:13:55,340 - SecureServer - INFO - --- Stats Update ---
2025-07-11 10:13:55,341 - SecureServer - INFO - Failed attempt tracking: 0 IPs
2025-07-11 10:13:55,342 - SecureServer - INFO - Currently blocked IPs: 0
2025-07-11 10:13:55,342 - SecureServer - INFO - -------------------
2025-07-11 10:14:55,343 - SecureServer - INFO - --- Stats Update ---
2025-07-11 10:14:55,343 - SecureServer - INFO - Failed attempt tracking: 0 IPs
2025-07-11 10:14:55,343 - SecureServer - INFO - Currently blocked IPs: 0
2025-07-11 10:14:55,344 - SecureServer - INFO - -------------------
2025-07-11 10:15:55,345 - SecureServer - INFO - --- Stats Update ---
2025-07-11 10:15:55,345 - SecureServer - INFO - Failed attempt tracking: 0 IPs
2025-07-11 10:15:55,345 - SecureServer - INFO - Currently blocked IPs: 0
2025-07-11 10:15:55,346 - SecureServer - INFO - -------------------
2025-07-11 10:16:55,347 - SecureServer - INFO - --- Stats Update ---
2025-07-11 10:16:55,347 - SecureServer - INFO - Failed attempt tracking: 0 IPs
2025-07-11 10:16:55,347 - SecureServer - INFO - Currently blocked IPs: 0
2025-07-11 10:16:55,347 - SecureServer - INFO - -------------------
2025-07-11 10:17:55,348 - SecureServer - INFO - --- Stats Update ---
2025-07-11 10:17:55,348 - SecureServer - INFO - Failed attempt tracking: 0 IPs
2025-07-11 10:17:55,348 - SecureServer - INFO - Currently blocked IPs: 0
2025-07-11 10:17:55,349 - SecureServer - INFO - -------------------
2025-07-11 10:18:55,349 - SecureServer - INFO - --- Stats Update ---
2025-07-11 10:18:55,350 - SecureServer - INFO - Failed attempt tracking: 0 IPs
2025-07-11 10:18:55,350 - SecureServer - INFO - Currently blocked IPs: 0
2025-07-11 10:18:55,350 - SecureServer - INFO - -------------------
2025-07-11 10:19:55,351 - SecureServer - INFO - --- Stats Update ---
2025-07-11 10:19:55,352 - SecureServer - INFO - Failed attempt tracking: 0 IPs
2025-07-11 10:19:55,352 - SecureServer - INFO - Currently blocked IPs: 0
2025-07-11 10:19:55,352 - SecureServer - INFO - -------------------
2025-07-11 10:20:55,353 - SecureServer - INFO - --- Stats Update ---
2025-07-11 10:20:55,353 - SecureServer - INFO - Failed attempt tracking: 0 IPs
2025-07-11 10:20:55,354 - SecureServer - INFO - Currently blocked IPs: 0
2025-07-11 10:20:55,354 - SecureServer - INFO - -------------------
2025-07-11 10:21:55,355 - SecureServer - INFO - --- Stats Update ---
2025-07-11 10:21:55,355 - SecureServer - INFO - Failed attempt tracking: 0 IPs
2025-07-11 10:21:55,355 - SecureServer - INFO - Currently blocked IPs: 0
2025-07-11 10:21:55,356 - SecureServer - INFO - -------------------
2025-07-11 10:22:55,356 - SecureServer - INFO - --- Stats Update ---
2025-07-11 10:22:55,357 - SecureServer - INFO - Failed attempt tracking: 0 IPs
2025-07-11 10:22:55,357 - SecureServer - INFO - Currently blocked IPs: 0
2025-07-11 10:22:55,357 - SecureServer - INFO - -------------------
2025-07-11 10:23:55,358 - SecureServer - INFO - --- Stats Update ---
2025-07-11 10:23:55,358 - SecureServer - INFO - Failed attempt tracking: 0 IPs
2025-07-11 10:23:55,358 - SecureServer - INFO - Currently blocked IPs: 0
2025-07-11 10:23:55,359 - SecureServer - INFO - -------------------
2025-07-11 10:24:55,359 - SecureServer - INFO - --- Stats Update ---
2025-07-11 10:24:55,360 - SecureServer - INFO - Failed attempt tracking: 0 IPs
2025-07-11 10:24:55,360 - SecureServer - INFO - Currently blocked IPs: 0
2025-07-11 10:24:55,360 - SecureServer - INFO - -------------------
2025-07-11 10:25:55,361 - SecureServer - INFO - --- Stats Update ---
2025-07-11 10:25:55,362 - SecureServer - INFO - Failed attempt tracking: 0 IPs
2025-07-11 10:25:55,362 - SecureServer - INFO - Currently blocked IPs: 0
2025-07-11 10:25:55,362 - SecureServer - INFO - -------------------
2025-07-11 10:26:55,363 - SecureServer - INFO - --- Stats Update ---
2025-07-11 10:26:55,363 - SecureServer - INFO - Failed attempt tracking: 0 IPs
2025-07-11 10:26:55,363 - SecureServer - INFO - Currently blocked IPs: 0
2025-07-11 10:26:55,364 - SecureServer - INFO - -------------------
2025-07-11 10:27:55,364 - SecureServer - INFO - --- Stats Update ---
2025-07-11 10:27:55,365 - SecureServer - INFO - Failed attempt tracking: 0 IPs
2025-07-11 10:27:55,365 - SecureServer - INFO - Currently blocked IPs: 0
2025-07-11 10:27:55,365 - SecureServer - INFO - -------------------
2025-07-11 10:28:55,366 - SecureServer - INFO - --- Stats Update ---
2025-07-11 10:28:55,367 - SecureServer - INFO - Failed attempt tracking: 0 IPs
2025-07-11 10:28:55,367 - SecureServer - INFO - Currently blocked IPs: 0
2025-07-11 10:28:55,367 - SecureServer - INFO - -------------------
2025-07-11 10:29:55,368 - SecureServer - INFO - --- Stats Update ---
2025-07-11 10:29:55,368 - SecureServer - INFO - Failed attempt tracking: 0 IPs
2025-07-11 10:29:55,369 - SecureServer - INFO - Currently blocked IPs: 0
2025-07-11 10:29:55,369 - SecureServer - INFO - -------------------
2025-07-11 10:30:55,370 - SecureServer - INFO - --- Stats Update ---
2025-07-11 10:30:55,370 - SecureServer - INFO - Failed attempt tracking: 0 IPs
2025-07-11 10:30:55,371 - SecureServer - INFO - Currently blocked IPs: 0
2025-07-11 10:30:55,371 - SecureServer - INFO - -------------------
2025-07-11 10:31:55,371 - SecureServer - INFO - --- Stats Update ---
2025-07-11 10:31:55,372 - SecureServer - INFO - Failed attempt tracking: 0 IPs
2025-07-11 10:31:55,372 - SecureServer - INFO - Currently blocked IPs: 0
2025-07-11 10:31:55,372 - SecureServer - INFO - -------------------
2025-07-11 10:32:55,373 - SecureServer - INFO - --- Stats Update ---
2025-07-11 10:32:55,373 - SecureServer - INFO - Failed attempt tracking: 0 IPs
2025-07-11 10:32:55,373 - SecureServer - INFO - Currently blocked IPs: 0
2025-07-11 10:32:55,374 - SecureServer - INFO - -------------------
2025-07-11 10:33:55,374 - SecureServer - INFO - --- Stats Update ---
2025-07-11 10:33:55,374 - SecureServer - INFO - Failed attempt tracking: 0 IPs
2025-07-11 10:33:55,375 - SecureServer - INFO - Currently blocked IPs: 0
2025-07-11 10:33:55,375 - SecureServer - INFO - -------------------
2025-07-11 10:34:55,376 - SecureServer - INFO - --- Stats Update ---
2025-07-11 10:34:55,377 - SecureServer - INFO - Failed attempt tracking: 0 IPs
2025-07-11 10:34:55,377 - SecureServer - INFO - Currently blocked IPs: 0
2025-07-11 10:34:55,377 - SecureServer - INFO - -------------------
2025-07-11 10:35:55,377 - SecureServer - INFO - --- Stats Update ---
2025-07-11 10:35:55,378 - SecureServer - INFO - Failed attempt tracking: 0 IPs
2025-07-11 10:35:55,378 - SecureServer - INFO - Currently blocked IPs: 0
2025-07-11 10:35:55,378 - SecureServer - INFO - -------------------
2025-07-11 10:36:55,379 - SecureServer - INFO - --- Stats Update ---
2025-07-11 10:36:55,380 - SecureServer - INFO - Failed attempt tracking: 0 IPs
2025-07-11 10:36:55,380 - SecureServer - INFO - Currently blocked IPs: 0
2025-07-11 10:36:55,380 - SecureServer - INFO - -------------------
2025-07-11 10:37:55,380 - SecureServer - INFO - --- Stats Update ---
2025-07-11 10:37:55,381 - SecureServer - INFO - Failed attempt tracking: 0 IPs
2025-07-11 10:37:55,381 - SecureServer - INFO - Currently blocked IPs: 0
2025-07-11 10:37:55,381 - SecureServer - INFO - -------------------
2025-07-11 10:38:55,382 - SecureServer - INFO - --- Stats Update ---
2025-07-11 10:38:55,382 - SecureServer - INFO - Failed attempt tracking: 0 IPs
2025-07-11 10:38:55,382 - SecureServer - INFO - Currently blocked IPs: 0
2025-07-11 10:38:55,383 - SecureServer - INFO - -------------------
2025-07-11 10:39:55,383 - SecureServer - INFO - --- Stats Update ---
2025-07-11 10:39:55,384 - SecureServer - INFO - Failed attempt tracking: 0 IPs
2025-07-11 10:39:55,384 - SecureServer - INFO - Currently blocked IPs: 0
2025-07-11 10:39:55,384 - SecureServer - INFO - -------------------
2025-07-11 10:40:55,385 - SecureServer - INFO - --- Stats Update ---
2025-07-11 10:40:55,385 - SecureServer - INFO - Failed attempt tracking: 0 IPs
2025-07-11 10:40:55,385 - SecureServer - INFO - Currently blocked IPs: 0
2025-07-11 10:40:55,385 - SecureServer - INFO - -------------------
2025-07-11 10:41:55,386 - SecureServer - INFO - --- Stats Update ---
2025-07-11 10:41:55,386 - SecureServer - INFO - Failed attempt tracking: 0 IPs
2025-07-11 10:41:55,386 - SecureServer - INFO - Currently blocked IPs: 0
2025-07-11 10:41:55,386 - SecureServer - INFO - -------------------
2025-07-11 10:42:55,387 - SecureServer - INFO - --- Stats Update ---
2025-07-11 10:42:55,387 - SecureServer - INFO - Failed attempt tracking: 0 IPs
2025-07-11 10:42:55,388 - SecureServer - INFO - Currently blocked IPs: 0
2025-07-11 10:42:55,388 - SecureServer - INFO - -------------------
2025-07-11 10:43:55,388 - SecureServer - INFO - --- Stats Update ---
2025-07-11 10:43:55,389 - SecureServer - INFO - Failed attempt tracking: 0 IPs
2025-07-11 10:43:55,389 - SecureServer - INFO - Currently blocked IPs: 0
2025-07-11 10:43:55,389 - SecureServer - INFO - -------------------
2025-07-11 10:44:55,390 - SecureServer - INFO - --- Stats Update ---
2025-07-11 10:44:55,390 - SecureServer - INFO - Failed attempt tracking: 0 IPs
2025-07-11 10:44:55,390 - SecureServer - INFO - Currently blocked IPs: 0
2025-07-11 10:44:55,390 - SecureServer - INFO - -------------------
2025-07-11 10:45:55,390 - SecureServer - INFO - --- Stats Update ---
2025-07-11 10:45:55,391 - SecureServer - INFO - Failed attempt tracking: 0 IPs
2025-07-11 10:45:55,391 - SecureServer - INFO - Currently blocked IPs: 0
2025-07-11 10:45:55,391 - SecureServer - INFO - -------------------
2025-07-11 10:46:55,391 - SecureServer - INFO - --- Stats Update ---
2025-07-11 10:46:55,393 - SecureServer - INFO - Failed attempt tracking: 0 IPs
2025-07-11 10:46:55,393 - SecureServer - INFO - Currently blocked IPs: 0
2025-07-11 10:46:55,393 - SecureServer - INFO - -------------------
2025-07-11 10:47:55,394 - SecureServer - INFO - --- Stats Update ---
2025-07-11 10:47:55,394 - SecureServer - INFO - Failed attempt tracking: 0 IPs
2025-07-11 10:47:55,394 - SecureServer - INFO - Currently blocked IPs: 0
2025-07-11 10:47:55,394 - SecureServer - INFO - -------------------
2025-07-11 10:48:55,395 - SecureServer - INFO - --- Stats Update ---
2025-07-11 10:48:55,396 - SecureServer - INFO - Failed attempt tracking: 0 IPs
2025-07-11 10:48:55,396 - SecureServer - INFO - Currently blocked IPs: 0
2025-07-11 10:48:55,396 - SecureServer - INFO - -------------------
2025-07-11 10:49:55,397 - SecureServer - INFO - --- Stats Update ---
2025-07-11 10:49:55,397 - SecureServer - INFO - Failed attempt tracking: 0 IPs
2025-07-11 10:49:55,397 - SecureServer - INFO - Currently blocked IPs: 0
2025-07-11 10:49:55,398 - SecureServer - INFO - -------------------
2025-07-11 10:50:55,398 - SecureServer - INFO - --- Stats Update ---
2025-07-11 10:50:55,399 - SecureServer - INFO - Failed attempt tracking: 0 IPs
2025-07-11 10:50:55,399 - SecureServer - INFO - Currently blocked IPs: 0
2025-07-11 10:50:55,399 - SecureServer - INFO - -------------------
2025-07-11 10:51:55,400 - SecureServer - INFO - --- Stats Update ---
2025-07-11 10:51:55,400 - SecureServer - INFO - Failed attempt tracking: 0 IPs
2025-07-11 10:51:55,400 - SecureServer - INFO - Currently blocked IPs: 0
2025-07-11 10:51:55,400 - SecureServer - INFO - -------------------
2025-07-11 10:52:55,401 - SecureServer - INFO - --- Stats Update ---
2025-07-11 10:52:55,401 - SecureServer - INFO - Failed attempt tracking: 0 IPs
2025-07-11 10:52:55,402 - SecureServer - INFO - Currently blocked IPs: 0
2025-07-11 10:52:55,402 - SecureServer - INFO - -------------------
2025-07-11 10:53:55,403 - SecureServer - INFO - --- Stats Update ---
2025-07-11 10:53:55,403 - SecureServer - INFO - Failed attempt tracking: 0 IPs
2025-07-11 10:53:55,403 - SecureServer - INFO - Currently blocked IPs: 0
2025-07-11 10:53:55,404 - SecureServer - INFO - -------------------
2025-07-11 10:54:55,405 - SecureServer - INFO - --- Stats Update ---
2025-07-11 10:54:55,405 - SecureServer - INFO - Failed attempt tracking: 0 IPs
2025-07-11 10:54:55,407 - SecureServer - INFO - Currently blocked IPs: 0
2025-07-11 10:54:55,407 - SecureServer - INFO - -------------------
2025-07-11 10:55:55,408 - SecureServer - INFO - --- Stats Update ---
2025-07-11 10:55:55,409 - SecureServer - INFO - Failed attempt tracking: 0 IPs
2025-07-11 10:55:55,409 - SecureServer - INFO - Currently blocked IPs: 0
2025-07-11 10:55:55,409 - SecureServer - INFO - -------------------
2025-07-11 10:56:55,410 - SecureServer - INFO - --- Stats Update ---
2025-07-11 10:56:55,410 - SecureServer - INFO - Failed attempt tracking: 0 IPs
2025-07-11 10:56:55,411 - SecureServer - INFO - Currently blocked IPs: 0
2025-07-11 10:56:55,411 - SecureServer - INFO - -------------------
2025-07-11 10:57:55,412 - SecureServer - INFO - --- Stats Update ---
2025-07-11 10:57:55,412 - SecureServer - INFO - Failed attempt tracking: 0 IPs
2025-07-11 10:57:55,412 - SecureServer - INFO - Currently blocked IPs: 0
2025-07-11 10:57:55,413 - SecureServer - INFO - -------------------
2025-07-11 10:58:55,413 - SecureServer - INFO - --- Stats Update ---
2025-07-11 10:58:55,413 - SecureServer - INFO - Failed attempt tracking: 0 IPs
2025-07-11 10:58:55,414 - SecureServer - INFO - Currently blocked IPs: 0
2025-07-11 10:58:55,414 - SecureServer - INFO - -------------------
2025-07-11 10:59:55,414 - SecureServer - INFO - --- Stats Update ---
2025-07-11 10:59:55,415 - SecureServer - INFO - Failed attempt tracking: 0 IPs
2025-07-11 10:59:55,415 - SecureServer - INFO - Currently blocked IPs: 0
2025-07-11 10:59:55,415 - SecureServer - INFO - -------------------
2025-07-11 11:00:55,416 - SecureServer - INFO - --- Stats Update ---
2025-07-11 11:00:55,416 - SecureServer - INFO - Failed attempt tracking: 0 IPs
2025-07-11 11:00:55,417 - SecureServer - INFO - Currently blocked IPs: 0
2025-07-11 11:00:55,417 - SecureServer - INFO - -------------------
2025-07-11 11:01:55,418 - SecureServer - INFO - --- Stats Update ---
2025-07-11 11:01:55,418 - SecureServer - INFO - Failed attempt tracking: 0 IPs
2025-07-11 11:01:55,418 - SecureServer - INFO - Currently blocked IPs: 0
2025-07-11 11:01:55,419 - SecureServer - INFO - -------------------
2025-07-11 11:02:55,419 - SecureServer - INFO - --- Stats Update ---
2025-07-11 11:02:55,421 - SecureServer - INFO - Failed attempt tracking: 0 IPs
2025-07-11 11:02:55,421 - SecureServer - INFO - Currently blocked IPs: 0
2025-07-11 11:02:55,422 - SecureServer - INFO - -------------------
2025-07-11 11:03:55,422 - SecureServer - INFO - --- Stats Update ---
2025-07-11 11:03:55,423 - SecureServer - INFO - Failed attempt tracking: 0 IPs
2025-07-11 11:03:55,423 - SecureServer - INFO - Currently blocked IPs: 0
2025-07-11 11:03:55,423 - SecureServer - INFO - -------------------
2025-07-11 11:04:55,423 - SecureServer - INFO - --- Stats Update ---
2025-07-11 11:04:55,424 - SecureServer - INFO - Failed attempt tracking: 0 IPs
2025-07-11 11:04:55,424 - SecureServer - INFO - Currently blocked IPs: 0
2025-07-11 11:04:55,424 - SecureServer - INFO - -------------------
2025-07-11 11:05:55,425 - SecureServer - INFO - --- Stats Update ---
2025-07-11 11:05:55,425 - SecureServer - INFO - Failed attempt tracking: 0 IPs
2025-07-11 11:05:55,426 - SecureServer - INFO - Currently blocked IPs: 0
2025-07-11 11:05:55,426 - SecureServer - INFO - -------------------
2025-07-11 11:06:55,426 - SecureServer - INFO - --- Stats Update ---
2025-07-11 11:06:55,427 - SecureServer - INFO - Failed attempt tracking: 0 IPs
2025-07-11 11:06:55,427 - SecureServer - INFO - Currently blocked IPs: 0
2025-07-11 11:06:55,427 - SecureServer - INFO - -------------------
2025-07-11 11:07:55,428 - SecureServer - INFO - --- Stats Update ---
2025-07-11 11:07:55,428 - SecureServer - INFO - Failed attempt tracking: 0 IPs
2025-07-11 11:07:55,428 - SecureServer - INFO - Currently blocked IPs: 0
2025-07-11 11:07:55,429 - SecureServer - INFO - -------------------
2025-07-11 11:08:55,429 - SecureServer - INFO - --- Stats Update ---
2025-07-11 11:08:55,430 - SecureServer - INFO - Failed attempt tracking: 0 IPs
2025-07-11 11:08:55,430 - SecureServer - INFO - Currently blocked IPs: 0
2025-07-11 11:08:55,430 - SecureServer - INFO - -------------------
2025-07-11 11:09:55,431 - SecureServer - INFO - --- Stats Update ---
2025-07-11 11:09:55,432 - SecureServer - INFO - Failed attempt tracking: 0 IPs
2025-07-11 11:09:55,433 - SecureServer - INFO - Currently blocked IPs: 0
2025-07-11 11:09:55,434 - SecureServer - INFO - -------------------
2025-07-11 11:10:55,434 - SecureServer - INFO - --- Stats Update ---
2025-07-11 11:10:55,435 - SecureServer - INFO - Failed attempt tracking: 0 IPs
2025-07-11 11:10:55,435 - SecureServer - INFO - Currently blocked IPs: 0
2025-07-11 11:10:55,435 - SecureServer - INFO - -------------------
2025-07-11 11:11:55,436 - SecureServer - INFO - --- Stats Update ---
2025-07-11 11:11:55,437 - SecureServer - INFO - Failed attempt tracking: 0 IPs
2025-07-11 11:11:55,437 - SecureServer - INFO - Currently blocked IPs: 0
2025-07-11 11:11:55,438 - SecureServer - INFO - -------------------
2025-07-11 11:12:55,438 - SecureServer - INFO - --- Stats Update ---
2025-07-11 11:12:55,439 - SecureServer - INFO - Failed attempt tracking: 0 IPs
2025-07-11 11:12:55,439 - SecureServer - INFO - Currently blocked IPs: 0
2025-07-11 11:12:55,439 - SecureServer - INFO - -------------------
2025-07-11 11:13:55,440 - SecureServer - INFO - --- Stats Update ---
2025-07-11 11:13:55,440 - SecureServer - INFO - Failed attempt tracking: 0 IPs
2025-07-11 11:13:55,440 - SecureServer - INFO - Currently blocked IPs: 0
2025-07-11 11:13:55,440 - SecureServer - INFO - -------------------
2025-07-11 11:14:55,441 - SecureServer - INFO - --- Stats Update ---
2025-07-11 11:14:55,442 - SecureServer - INFO - Failed attempt tracking: 0 IPs
2025-07-11 11:14:55,442 - SecureServer - INFO - Currently blocked IPs: 0
2025-07-11 11:14:55,442 - SecureServer - INFO - -------------------
2025-07-11 11:15:55,443 - SecureServer - INFO - --- Stats Update ---
2025-07-11 11:15:55,443 - SecureServer - INFO - Failed attempt tracking: 0 IPs
2025-07-11 11:15:55,444 - SecureServer - INFO - Currently blocked IPs: 0
2025-07-11 11:15:55,444 - SecureServer - INFO - -------------------
2025-07-11 11:16:55,445 - SecureServer - INFO - --- Stats Update ---
2025-07-11 11:16:55,446 - SecureServer - INFO - Failed attempt tracking: 0 IPs
2025-07-11 11:16:55,448 - SecureServer - INFO - Currently blocked IPs: 0
2025-07-11 11:16:55,448 - SecureServer - INFO - -------------------
2025-07-11 11:17:55,449 - SecureServer - INFO - --- Stats Update ---
2025-07-11 11:17:55,449 - SecureServer - INFO - Failed attempt tracking: 0 IPs
2025-07-11 11:17:55,449 - SecureServer - INFO - Currently blocked IPs: 0
2025-07-11 11:17:55,450 - SecureServer - INFO - -------------------
2025-07-11 11:18:55,451 - SecureServer - INFO - --- Stats Update ---
2025-07-11 11:18:55,452 - SecureServer - INFO - Failed attempt tracking: 0 IPs
2025-07-11 11:18:55,452 - SecureServer - INFO - Currently blocked IPs: 0
2025-07-11 11:18:55,453 - SecureServer - INFO - -------------------
2025-07-11 11:19:55,454 - SecureServer - INFO - --- Stats Update ---
2025-07-11 11:19:55,454 - SecureServer - INFO - Failed attempt tracking: 0 IPs
2025-07-11 11:19:55,455 - SecureServer - INFO - Currently blocked IPs: 0
2025-07-11 11:19:55,456 - SecureServer - INFO - -------------------
2025-07-11 12:12:47,902 - SecureServer - INFO - --- Stats Update ---
2025-07-11 12:12:47,911 - SecureServer - INFO - Failed attempt tracking: 0 IPs
2025-07-11 12:12:47,912 - SecureServer - INFO - Currently blocked IPs: 0
2025-07-11 12:12:47,920 - SecureServer - INFO - -------------------
2025-07-11 12:13:47,922 - SecureServer - INFO - --- Stats Update ---
2025-07-11 12:13:47,924 - SecureServer - INFO - Failed attempt tracking: 0 IPs
2025-07-11 12:13:47,925 - SecureServer - INFO - Currently blocked IPs: 0
2025-07-11 12:13:47,925 - SecureServer - INFO - -------------------
2025-07-11 12:14:47,926 - SecureServer - INFO - --- Stats Update ---
2025-07-11 12:14:47,927 - SecureServer - INFO - Failed attempt tracking: 0 IPs
2025-07-11 12:14:47,928 - SecureServer - INFO - Currently blocked IPs: 0
2025-07-11 12:14:47,928 - SecureServer - INFO - -------------------
2025-07-11 13:47:46,075 - SecureServer - INFO - Server started on 127.0.0.1:9999
2025-07-11 13:47:46,076 - SecureServer - INFO - Security settings:
2025-07-11 13:47:46,076 - SecureServer - INFO - - Max failed attempts: 5
2025-07-11 13:47:46,076 - SecureServer - INFO - - Block time: 300 seconds
2025-07-11 13:47:46,076 - SecureServer - INFO - - Detection window: 30 seconds
2025-07-11 13:47:46,076 - SecureServer - INFO - - Attempt threshold: 10
2025-07-11 13:48:46,074 - SecureServer - INFO - --- Stats Update ---
2025-07-11 13:48:46,074 - SecureServer - INFO - Failed attempt tracking: 0 IPs
2025-07-11 13:48:46,075 - SecureServer - INFO - Currently blocked IPs: 0
2025-07-11 13:48:46,075 - SecureServer - INFO - -------------------
2025-07-11 13:48:47,073 - SecureServer - INFO - Connection from 127.0.0.1:64071
2025-07-11 13:48:47,074 - SecureServer - INFO - Successful login for user 'admin' from 127.0.0.1
2025-07-11 13:49:46,077 - SecureServer - INFO - --- Stats Update ---
2025-07-11 13:49:46,077 - SecureServer - INFO - Failed attempt tracking: 0 IPs
2025-07-11 13:49:46,078 - SecureServer - INFO - Currently blocked IPs: 0
2025-07-11 13:49:46,079 - SecureServer - INFO - -------------------
2025-07-11 13:50:12,750 - SecureServer - INFO - Connection from 127.0.0.1:64083
2025-07-11 13:50:12,750 - SecureServer - WARNING - Failed login attempt for user 'admin' from 127.0.0.1
2025-07-11 13:50:12,952 - SecureServer - INFO - Connection from 127.0.0.1:64084
2025-07-11 13:50:12,973 - SecureServer - WARNING - Failed login attempt for user 'admin' from 127.0.0.1
2025-07-11 13:50:13,175 - SecureServer - INFO - Connection from 127.0.0.1:64085
2025-07-11 13:50:13,192 - SecureServer - WARNING - Failed login attempt for user 'admin' from 127.0.0.1
2025-07-11 13:50:13,393 - SecureServer - INFO - Connection from 127.0.0.1:64086
2025-07-11 13:50:13,409 - SecureServer - WARNING - Failed login attempt for user 'admin' from 127.0.0.1
2025-07-11 13:50:13,611 - SecureServer - INFO - Connection from 127.0.0.1:64087
2025-07-11 13:50:13,626 - SecureServer - WARNING - IP 127.0.0.1 BLOCKED for 300 seconds due to multiple failed attempts
2025-07-11 13:50:13,626 - SecureServer - WARNING - Failed login attempt for user 'admin' from 127.0.0.1
2025-07-11 13:50:13,772 - SecureServer - INFO - Connection from 127.0.0.1:64088
2025-07-11 13:50:13,772 - SecureServer - INFO - Connection from 127.0.0.1:64089
2025-07-11 13:50:13,772 - SecureServer - INFO - Rejected connection from blocked IP 127.0.0.1
2025-07-11 13:50:13,772 - SecureServer - INFO - Connection from 127.0.0.1:64090
2025-07-11 13:50:13,773 - SecureServer - INFO - Rejected connection from blocked IP 127.0.0.1
2025-07-11 13:50:13,773 - SecureServer - INFO - Connection from 127.0.0.1:64091
2025-07-11 13:50:13,773 - SecureServer - INFO - Rejected connection from blocked IP 127.0.0.1
2025-07-11 13:50:13,773 - SecureServer - INFO - Rejected connection from blocked IP 127.0.0.1
2025-07-11 13:50:46,079 - SecureServer - INFO - --- Stats Update ---
2025-07-11 13:50:46,080 - SecureServer - INFO - Failed attempt tracking: 1 IPs
2025-07-11 13:50:46,080 - SecureServer - INFO - Currently blocked IPs: 1
2025-07-11 13:50:46,081 - SecureServer - INFO -   - 127.0.0.1: blocked for 267 more seconds
2025-07-11 13:50:46,081 - SecureServer - INFO - -------------------
2025-07-11 13:51:46,082 - SecureServer - INFO - --- Stats Update ---
2025-07-11 13:51:46,083 - SecureServer - INFO - Failed attempt tracking: 1 IPs
2025-07-11 13:51:46,083 - SecureServer - INFO - Currently blocked IPs: 1
2025-07-11 13:51:46,083 - SecureServer - INFO -   - 127.0.0.1: blocked for 207 more seconds
2025-07-11 13:51:46,084 - SecureServer - INFO - -------------------
2025-07-11 13:52:46,085 - SecureServer - INFO - --- Stats Update ---
2025-07-11 13:52:46,086 - SecureServer - INFO - Failed attempt tracking: 1 IPs
2025-07-11 13:52:46,087 - SecureServer - INFO - Currently blocked IPs: 1
2025-07-11 13:52:46,087 - SecureServer - INFO -   - 127.0.0.1: blocked for 147 more seconds
2025-07-11 13:52:46,088 - SecureServer - INFO - -------------------
2025-07-11 13:53:46,089 - SecureServer - INFO - --- Stats Update ---
2025-07-11 13:53:46,089 - SecureServer - INFO - Failed attempt tracking: 1 IPs
2025-07-11 13:53:46,090 - SecureServer - INFO - Currently blocked IPs: 1
2025-07-11 13:53:46,091 - SecureServer - INFO -   - 127.0.0.1: blocked for 87 more seconds
2025-07-11 13:53:46,091 - SecureServer - INFO - -------------------
2025-07-11 13:54:46,092 - SecureServer - INFO - --- Stats Update ---
2025-07-11 13:54:46,093 - SecureServer - INFO - Failed attempt tracking: 1 IPs
2025-07-11 13:54:46,093 - SecureServer - INFO - Currently blocked IPs: 1
2025-07-11 13:54:46,094 - SecureServer - INFO -   - 127.0.0.1: blocked for 27 more seconds
2025-07-11 13:54:46,095 - SecureServer - INFO - -------------------
2025-07-11 13:55:46,095 - SecureServer - INFO - --- Stats Update ---
2025-07-11 13:55:46,096 - SecureServer - INFO - Failed attempt tracking: 1 IPs
2025-07-11 13:55:46,097 - SecureServer - INFO - Currently blocked IPs: 0
2025-07-11 13:55:46,097 - SecureServer - INFO - -------------------
2025-07-11 13:56:46,098 - SecureServer - INFO - --- Stats Update ---
2025-07-11 13:56:46,099 - SecureServer - INFO - Failed attempt tracking: 1 IPs
2025-07-11 13:56:46,099 - SecureServer - INFO - Currently blocked IPs: 0
2025-07-11 13:56:46,100 - SecureServer - INFO - -------------------
2025-07-11 13:57:46,100 - SecureServer - INFO - --- Stats Update ---
2025-07-11 13:57:46,101 - SecureServer - INFO - Failed attempt tracking: 1 IPs
2025-07-11 13:57:46,102 - SecureServer - INFO - Currently blocked IPs: 0
2025-07-11 13:57:46,102 - SecureServer - INFO - -------------------
2025-07-11 13:58:46,103 - SecureServer - INFO - --- Stats Update ---
2025-07-11 13:58:46,104 - SecureServer - INFO - Failed attempt tracking: 1 IPs
2025-07-11 13:58:46,105 - SecureServer - INFO - Currently blocked IPs: 0
2025-07-11 13:58:46,105 - SecureServer - INFO - -------------------
2025-07-11 13:59:46,106 - SecureServer - INFO - --- Stats Update ---
2025-07-11 13:59:46,107 - SecureServer - INFO - Failed attempt tracking: 1 IPs
2025-07-11 13:59:46,107 - SecureServer - INFO - Currently blocked IPs: 0
2025-07-11 13:59:46,108 - SecureServer - INFO - -------------------
2025-07-11 14:00:46,109 - SecureServer - INFO - --- Stats Update ---
2025-07-11 14:00:46,109 - SecureServer - INFO - Failed attempt tracking: 1 IPs
2025-07-11 14:00:46,110 - SecureServer - INFO - Currently blocked IPs: 0
2025-07-11 14:00:46,110 - SecureServer - INFO - -------------------
2025-07-11 14:01:46,111 - SecureServer - INFO - --- Stats Update ---
2025-07-11 14:01:46,111 - SecureServer - INFO - Failed attempt tracking: 1 IPs
2025-07-11 14:01:46,112 - SecureServer - INFO - Currently blocked IPs: 0
2025-07-11 14:01:46,113 - SecureServer - INFO - -------------------
2025-07-11 14:02:46,113 - SecureServer - INFO - --- Stats Update ---
2025-07-11 14:02:46,114 - SecureServer - INFO - Failed attempt tracking: 1 IPs
2025-07-11 14:02:46,115 - SecureServer - INFO - Currently blocked IPs: 0
2025-07-11 14:02:46,116 - SecureServer - INFO - -------------------
2025-07-11 14:03:46,116 - SecureServer - INFO - --- Stats Update ---
2025-07-11 14:03:46,117 - SecureServer - INFO - Failed attempt tracking: 1 IPs
2025-07-11 14:03:46,118 - SecureServer - INFO - Currently blocked IPs: 0
2025-07-11 14:03:46,118 - SecureServer - INFO - -------------------
2025-07-11 14:04:46,119 - SecureServer - INFO - --- Stats Update ---
2025-07-11 14:04:46,120 - SecureServer - INFO - Failed attempt tracking: 1 IPs
2025-07-11 14:04:46,120 - SecureServer - INFO - Currently blocked IPs: 0
2025-07-11 14:04:46,120 - SecureServer - INFO - -------------------
2025-07-11 14:05:46,121 - SecureServer - INFO - --- Stats Update ---
2025-07-11 14:05:46,122 - SecureServer - INFO - Failed attempt tracking: 1 IPs
2025-07-11 14:05:46,122 - SecureServer - INFO - Currently blocked IPs: 0
2025-07-11 14:05:46,122 - SecureServer - INFO - -------------------
2025-07-11 14:06:46,123 - SecureServer - INFO - --- Stats Update ---
2025-07-11 14:06:46,124 - SecureServer - INFO - Failed attempt tracking: 1 IPs
2025-07-11 14:06:46,124 - SecureServer - INFO - Currently blocked IPs: 0
2025-07-11 14:06:46,125 - SecureServer - INFO - -------------------
2025-07-11 15:33:00,030 - SecureServer - INFO - --- Stats Update ---
2025-07-11 15:33:00,040 - SecureServer - INFO - Failed attempt tracking: 1 IPs
2025-07-11 15:33:00,040 - SecureServer - INFO - Currently blocked IPs: 0
2025-07-11 15:33:00,041 - SecureServer - INFO - -------------------
2025-07-11 18:00:50,689 - SecureServer - INFO - --- Stats Update ---
2025-07-11 18:00:50,692 - SecureServer - INFO - Failed attempt tracking: 1 IPs
2025-07-11 18:00:50,693 - SecureServer - INFO - Currently blocked IPs: 0
2025-07-11 18:00:50,693 - SecureServer - INFO - -------------------
2025-07-11 18:01:50,695 - SecureServer - INFO - --- Stats Update ---
2025-07-11 18:01:50,696 - SecureServer - INFO - Failed attempt tracking: 1 IPs
2025-07-11 18:01:50,697 - SecureServer - INFO - Currently blocked IPs: 0
2025-07-11 18:01:50,698 - SecureServer - INFO - -------------------
2025-07-11 18:02:50,699 - SecureServer - INFO - --- Stats Update ---
2025-07-11 18:02:50,699 - SecureServer - INFO - Failed attempt tracking: 1 IPs
2025-07-11 18:02:50,700 - SecureServer - INFO - Currently blocked IPs: 0
2025-07-11 18:02:50,700 - SecureServer - INFO - -------------------
2025-07-11 18:03:50,701 - SecureServer - INFO - --- Stats Update ---
2025-07-11 18:03:50,702 - SecureServer - INFO - Failed attempt tracking: 1 IPs
2025-07-11 18:03:50,703 - SecureServer - INFO - Currently blocked IPs: 0
2025-07-11 18:03:50,703 - SecureServer - INFO - -------------------
2025-07-11 18:04:50,704 - SecureServer - INFO - --- Stats Update ---
2025-07-11 18:04:50,705 - SecureServer - INFO - Failed attempt tracking: 1 IPs
2025-07-11 18:04:50,705 - SecureServer - INFO - Currently blocked IPs: 0
2025-07-11 18:04:50,706 - SecureServer - INFO - -------------------
2025-07-11 18:05:50,706 - SecureServer - INFO - --- Stats Update ---
2025-07-11 18:05:50,707 - SecureServer - INFO - Failed attempt tracking: 1 IPs
2025-07-11 18:05:50,707 - SecureServer - INFO - Currently blocked IPs: 0
2025-07-11 18:05:50,708 - SecureServer - INFO - -------------------
2025-07-11 18:06:50,709 - SecureServer - INFO - --- Stats Update ---
2025-07-11 18:06:50,710 - SecureServer - INFO - Failed attempt tracking: 1 IPs
2025-07-11 18:06:50,711 - SecureServer - INFO - Currently blocked IPs: 0
2025-07-11 18:06:50,711 - SecureServer - INFO - -------------------
2025-07-11 18:07:50,713 - SecureServer - INFO - --- Stats Update ---
2025-07-11 18:07:50,715 - SecureServer - INFO - Failed attempt tracking: 1 IPs
2025-07-11 18:07:50,716 - SecureServer - INFO - Currently blocked IPs: 0
2025-07-11 18:07:50,717 - SecureServer - INFO - -------------------
2025-07-11 18:08:50,719 - SecureServer - INFO - --- Stats Update ---
2025-07-11 18:08:50,721 - SecureServer - INFO - Failed attempt tracking: 1 IPs
2025-07-11 18:08:50,723 - SecureServer - INFO - Currently blocked IPs: 0
2025-07-11 18:08:50,724 - SecureServer - INFO - -------------------
2025-07-11 18:09:50,725 - SecureServer - INFO - --- Stats Update ---
2025-07-11 18:09:50,725 - SecureServer - INFO - Failed attempt tracking: 1 IPs
2025-07-11 18:09:50,726 - SecureServer - INFO - Currently blocked IPs: 0
2025-07-11 18:09:50,726 - SecureServer - INFO - -------------------
2025-07-11 18:10:50,726 - SecureServer - INFO - --- Stats Update ---
2025-07-11 18:10:50,727 - SecureServer - INFO - Failed attempt tracking: 1 IPs
2025-07-11 18:10:50,728 - SecureServer - INFO - Currently blocked IPs: 0
2025-07-11 18:10:50,729 - SecureServer - INFO - -------------------
2025-07-11 18:11:50,730 - SecureServer - INFO - --- Stats Update ---
2025-07-11 18:11:50,731 - SecureServer - INFO - Failed attempt tracking: 1 IPs
2025-07-11 18:11:50,733 - SecureServer - INFO - Currently blocked IPs: 0
2025-07-11 18:11:50,733 - SecureServer - INFO - -------------------
2025-07-11 18:12:50,736 - SecureServer - INFO - --- Stats Update ---
2025-07-11 18:12:50,737 - SecureServer - INFO - Failed attempt tracking: 1 IPs
2025-07-11 18:12:50,738 - SecureServer - INFO - Currently blocked IPs: 0
2025-07-11 18:12:50,739 - SecureServer - INFO - -------------------
2025-07-11 18:13:50,741 - SecureServer - INFO - --- Stats Update ---
2025-07-11 18:13:50,743 - SecureServer - INFO - Failed attempt tracking: 1 IPs
2025-07-11 18:13:50,744 - SecureServer - INFO - Currently blocked IPs: 0
2025-07-11 18:13:50,748 - SecureServer - INFO - -------------------
2025-07-11 18:14:50,749 - SecureServer - INFO - --- Stats Update ---
2025-07-11 18:14:50,750 - SecureServer - INFO - Failed attempt tracking: 1 IPs
2025-07-11 18:14:50,751 - SecureServer - INFO - Currently blocked IPs: 0
2025-07-11 18:14:50,751 - SecureServer - INFO - -------------------
2025-07-11 18:15:50,752 - SecureServer - INFO - --- Stats Update ---
2025-07-11 18:15:50,754 - SecureServer - INFO - Failed attempt tracking: 1 IPs
2025-07-11 18:15:50,754 - SecureServer - INFO - Currently blocked IPs: 0
2025-07-11 18:15:50,755 - SecureServer - INFO - -------------------
2025-07-11 18:16:50,757 - SecureServer - INFO - --- Stats Update ---
2025-07-11 18:16:50,758 - SecureServer - INFO - Failed attempt tracking: 1 IPs
2025-07-11 18:16:50,759 - SecureServer - INFO - Currently blocked IPs: 0
2025-07-11 18:16:50,771 - SecureServer - INFO - -------------------
2025-07-11 18:17:50,778 - SecureServer - INFO - --- Stats Update ---
2025-07-11 18:17:50,779 - SecureServer - INFO - Failed attempt tracking: 1 IPs
2025-07-11 18:17:50,779 - SecureServer - INFO - Currently blocked IPs: 0
2025-07-11 18:17:50,780 - SecureServer - INFO - -------------------
2025-07-11 18:18:50,781 - SecureServer - INFO - --- Stats Update ---
2025-07-11 18:18:50,784 - SecureServer - INFO - Failed attempt tracking: 1 IPs
2025-07-11 18:18:50,784 - SecureServer - INFO - Currently blocked IPs: 0
2025-07-11 18:18:50,785 - SecureServer - INFO - -------------------
2025-07-11 18:19:50,786 - SecureServer - INFO - --- Stats Update ---
2025-07-11 18:19:50,788 - SecureServer - INFO - Failed attempt tracking: 1 IPs
2025-07-11 18:19:50,789 - SecureServer - INFO - Currently blocked IPs: 0
2025-07-11 18:19:50,791 - SecureServer - INFO - -------------------
2025-07-11 18:20:50,792 - SecureServer - INFO - --- Stats Update ---
2025-07-11 18:20:50,793 - SecureServer - INFO - Failed attempt tracking: 1 IPs
2025-07-11 18:20:50,793 - SecureServer - INFO - Currently blocked IPs: 0
2025-07-11 18:20:50,793 - SecureServer - INFO - -------------------
2025-07-11 18:21:50,795 - SecureServer - INFO - --- Stats Update ---
2025-07-11 18:21:50,795 - SecureServer - INFO - Failed attempt tracking: 1 IPs
2025-07-11 18:21:50,796 - SecureServer - INFO - Currently blocked IPs: 0
2025-07-11 18:21:50,796 - SecureServer - INFO - -------------------
2025-07-11 18:22:50,798 - SecureServer - INFO - --- Stats Update ---
2025-07-11 18:22:50,799 - SecureServer - INFO - Failed attempt tracking: 1 IPs
2025-07-11 18:22:50,800 - SecureServer - INFO - Currently blocked IPs: 0
2025-07-11 18:22:50,801 - SecureServer - INFO - -------------------
2025-07-11 18:23:50,803 - SecureServer - INFO - --- Stats Update ---
2025-07-11 18:23:50,803 - SecureServer - INFO - Failed attempt tracking: 1 IPs
2025-07-11 18:23:50,804 - SecureServer - INFO - Currently blocked IPs: 0
2025-07-11 18:23:50,805 - SecureServer - INFO - -------------------
2025-07-11 18:24:50,806 - SecureServer - INFO - --- Stats Update ---
2025-07-11 18:24:50,807 - SecureServer - INFO - Failed attempt tracking: 1 IPs
2025-07-11 18:24:50,807 - SecureServer - INFO - Currently blocked IPs: 0
2025-07-11 18:24:50,808 - SecureServer - INFO - -------------------
